2024-01-16T15:34:25.911Z 0: 

----------------------------------------------
2024-01-16T15:34:25.919Z 1: Discord starting: {"releaseChannel":"stable","version":"0.0.40"}, modulepath: /home/jinsoin/.config/discord/0.0.40/modules
2024-01-16T15:34:25.922Z 2: ✅ webContents.created web1 ""
2024-01-16T15:34:25.925Z 3: ✅ window.created win1 "discord"
2024-01-16T15:34:26.827Z 4: ✅ webContents.did-finish-load web1
2024-01-16T15:34:33.037Z 5: ✅ webContents.created web2 ""
2024-01-16T15:34:33.047Z 6: ✅ window.created win2 "Discord"
2024-01-16T15:34:35.442Z 7: ✅ webContents.did-finish-load web2
2024-01-16T15:34:35.542Z 8: window.close win1
2024-01-16T15:34:35.567Z 9: webContents.destroyed web1
2024-01-16T15:34:35.571Z 10: window.closed win1
2024-01-16T15:39:05.372Z 11: ✅ webContents.did-finish-load web2
2024-01-16T15:43:30.577Z 12: window.close win2
2024-01-16T15:43:38.703Z 0: 

----------------------------------------------
2024-01-16T15:43:38.711Z 1: Discord starting: {"releaseChannel":"stable","version":"0.0.40"}, modulepath: /home/jinsoin/.config/discord/0.0.40/modules
2024-01-16T15:43:42.202Z 13: window.close win2
2024-01-16T15:43:47.842Z 0: 

----------------------------------------------
2024-01-16T15:43:47.850Z 1: Discord starting: {"releaseChannel":"stable","version":"0.0.40"}, modulepath: /home/jinsoin/.config/discord/0.0.40/modules
2024-01-16T15:43:52.491Z 14: before-quit
2024-01-16T15:43:52.495Z 15: window.close win2
2024-01-16T15:43:52.554Z 16: webContents.destroyed web2
2024-01-16T15:43:56.020Z 0: 

----------------------------------------------
2024-01-16T15:43:56.033Z 1: Discord starting: {"releaseChannel":"stable","version":"0.0.40"}, modulepath: /home/jinsoin/.config/discord/0.0.40/modules
2024-01-16T15:43:56.036Z 2: ✅ webContents.created web1 ""
2024-01-16T15:43:56.039Z 3: ✅ window.created win1 "discord"
2024-01-16T15:43:56.307Z 4: ✅ webContents.did-finish-load web1
2024-01-16T15:43:56.810Z 5: ✅ webContents.created web2 ""
2024-01-16T15:43:56.815Z 6: ✅ window.created win2 "Discord"
2024-01-16T15:43:59.551Z 7: ❌ webContents.did-fail-load web2" -3 
2024-01-16T15:44:01.032Z 8: ✅ webContents.did-finish-load web2
2024-01-16T15:44:01.132Z 9: window.close win1
2024-01-16T15:44:01.136Z 10: webContents.destroyed web1
2024-01-16T15:44:01.140Z 11: window.closed win1
2024-01-16T15:44:11.543Z 12: window.close win2
