2024-01-16T15:34:25.892Z [Modules] Modules initializing
2024-01-16T15:34:25.892Z [Modules] Distribution: remote
2024-01-16T15:34:25.892Z [Modules] Host updates: enabled
2024-01-16T15:34:25.893Z [Modules] Module updates: enabled
2024-01-16T15:34:25.893Z [Modules] Module install path: /home/jinsoin/.config/discord/0.0.40/modules
2024-01-16T15:34:25.893Z [Modules] Module installed file path: /home/jinsoin/.config/discord/0.0.40/modules/installed.json
2024-01-16T15:34:25.893Z [Modules] Module download path: /home/jinsoin/.config/discord/0.0.40/modules/pending
2024-01-16T15:34:26.783Z [Modules] Bootstrapping...
2024-01-16T15:34:26.783Z [Modules] Installing discord_desktop_core@0 from /opt/discord/resources/bootstrap/discord_desktop_core.zip
2024-01-16T15:34:26.786Z [Modules] Failed installing discord_desktop_core@0: Error: ENOENT: no such file or directory, open '/opt/discord/resources/bootstrap/discord_desktop_core.zip'
2024-01-16T15:34:26.786Z [Modules] Installing discord_erlpack@0 from /opt/discord/resources/bootstrap/discord_erlpack.zip
2024-01-16T15:34:26.787Z [Modules] Failed installing discord_erlpack@0: Error: ENOENT: no such file or directory, open '/opt/discord/resources/bootstrap/discord_erlpack.zip'
2024-01-16T15:34:26.787Z [Modules] Installing discord_spellcheck@0 from /opt/discord/resources/bootstrap/discord_spellcheck.zip
2024-01-16T15:34:26.788Z [Modules] Failed installing discord_spellcheck@0: Error: ENOENT: no such file or directory, open '/opt/discord/resources/bootstrap/discord_spellcheck.zip'
2024-01-16T15:34:26.789Z [Modules] Installing discord_utils@0 from /opt/discord/resources/bootstrap/discord_utils.zip
2024-01-16T15:34:26.789Z [Modules] Failed installing discord_utils@0: Error: ENOENT: no such file or directory, open '/opt/discord/resources/bootstrap/discord_utils.zip'
2024-01-16T15:34:26.790Z [Modules] Installing discord_voice@0 from /opt/discord/resources/bootstrap/discord_voice.zip
2024-01-16T15:34:26.790Z [Modules] Failed installing discord_voice@0: Error: ENOENT: no such file or directory, open '/opt/discord/resources/bootstrap/discord_voice.zip'
2024-01-16T15:34:26.791Z [Modules] Finished module installations. [success: 0] [failure: 5]
2024-01-16T15:34:26.791Z [Modules] Checking for host updates.
2024-01-16T15:34:27.346Z [Modules] Host is up to date.
2024-01-16T15:34:27.346Z [Modules] Checking for module updates at https://discord.com/api/modules/stable/versions.json
2024-01-16T15:34:27.404Z [Modules] Module update available: discord_desktop_core@1 [installed: 0]
2024-01-16T15:34:27.404Z [Modules] Module update available: discord_erlpack@1 [installed: 0]
2024-01-16T15:34:27.404Z [Modules] Module update available: discord_spellcheck@1 [installed: 0]
2024-01-16T15:34:27.404Z [Modules] Module update available: discord_utils@1 [installed: 0]
2024-01-16T15:34:27.404Z [Modules] Module update available: discord_voice@1 [installed: 0]
2024-01-16T15:34:27.404Z [Modules] Fetching discord_desktop_core@1 from https://discord.com/api/modules/stable/discord_desktop_core/1
2024-01-16T15:34:27.404Z [Modules] Streaming discord_desktop_core@1 to /home/jinsoin/.config/discord/0.0.40/modules/pending/discord_desktop_core-1.zip
2024-01-16T15:34:27.997Z [Modules] Streaming discord_desktop_core@1 to /home/jinsoin/.config/discord/0.0.40/modules/pending/discord_desktop_core-1.zip: 1%
2024-01-16T15:34:28.016Z [Modules] Streaming discord_desktop_core@1 to /home/jinsoin/.config/discord/0.0.40/modules/pending/discord_desktop_core-1.zip: 2%
2024-01-16T15:34:28.042Z [Modules] Streaming discord_desktop_core@1 to /home/jinsoin/.config/discord/0.0.40/modules/pending/discord_desktop_core-1.zip: 3%
2024-01-16T15:34:28.059Z [Modules] Streaming discord_desktop_core@1 to /home/jinsoin/.config/discord/0.0.40/modules/pending/discord_desktop_core-1.zip: 4%
2024-01-16T15:34:28.065Z [Modules] Streaming discord_desktop_core@1 to /home/jinsoin/.config/discord/0.0.40/modules/pending/discord_desktop_core-1.zip: 5%
2024-01-16T15:34:28.073Z [Modules] Streaming discord_desktop_core@1 to /home/jinsoin/.config/discord/0.0.40/modules/pending/discord_desktop_core-1.zip: 6%
2024-01-16T15:34:28.083Z [Modules] Streaming discord_desktop_core@1 to /home/jinsoin/.config/discord/0.0.40/modules/pending/discord_desktop_core-1.zip: 7%
2024-01-16T15:34:28.101Z [Modules] Streaming discord_desktop_core@1 to /home/jinsoin/.config/discord/0.0.40/modules/pending/discord_desktop_core-1.zip: 10%
2024-01-16T15:34:28.106Z [Modules] Streaming discord_desktop_core@1 to /home/jinsoin/.config/discord/0.0.40/modules/pending/discord_desktop_core-1.zip: 11%
2024-01-16T15:34:28.116Z [Modules] Streaming discord_desktop_core@1 to /home/jinsoin/.config/discord/0.0.40/modules/pending/discord_desktop_core-1.zip: 14%
2024-01-16T15:34:28.143Z [Modules] Streaming discord_desktop_core@1 to /home/jinsoin/.config/discord/0.0.40/modules/pending/discord_desktop_core-1.zip: 17%
2024-01-16T15:34:28.145Z [Modules] Streaming discord_desktop_core@1 to /home/jinsoin/.config/discord/0.0.40/modules/pending/discord_desktop_core-1.zip: 18%
2024-01-16T15:34:28.147Z [Modules] Streaming discord_desktop_core@1 to /home/jinsoin/.config/discord/0.0.40/modules/pending/discord_desktop_core-1.zip: 19%
2024-01-16T15:34:28.148Z [Modules] Streaming discord_desktop_core@1 to /home/jinsoin/.config/discord/0.0.40/modules/pending/discord_desktop_core-1.zip: 20%
2024-01-16T15:34:28.151Z [Modules] Streaming discord_desktop_core@1 to /home/jinsoin/.config/discord/0.0.40/modules/pending/discord_desktop_core-1.zip: 21%
2024-01-16T15:34:28.160Z [Modules] Streaming discord_desktop_core@1 to /home/jinsoin/.config/discord/0.0.40/modules/pending/discord_desktop_core-1.zip: 24%
2024-01-16T15:34:28.161Z [Modules] Streaming discord_desktop_core@1 to /home/jinsoin/.config/discord/0.0.40/modules/pending/discord_desktop_core-1.zip: 26%
2024-01-16T15:34:28.163Z [Modules] Streaming discord_desktop_core@1 to /home/jinsoin/.config/discord/0.0.40/modules/pending/discord_desktop_core-1.zip: 29%
2024-01-16T15:34:28.167Z [Modules] Streaming discord_desktop_core@1 to /home/jinsoin/.config/discord/0.0.40/modules/pending/discord_desktop_core-1.zip: 31%
2024-01-16T15:34:28.181Z [Modules] Streaming discord_desktop_core@1 to /home/jinsoin/.config/discord/0.0.40/modules/pending/discord_desktop_core-1.zip: 32%
2024-01-16T15:34:28.184Z [Modules] Streaming discord_desktop_core@1 to /home/jinsoin/.config/discord/0.0.40/modules/pending/discord_desktop_core-1.zip: 34%
2024-01-16T15:34:28.208Z [Modules] Streaming discord_desktop_core@1 to /home/jinsoin/.config/discord/0.0.40/modules/pending/discord_desktop_core-1.zip: 37%
2024-01-16T15:34:28.208Z [Modules] Streaming discord_desktop_core@1 to /home/jinsoin/.config/discord/0.0.40/modules/pending/discord_desktop_core-1.zip: 39%
2024-01-16T15:34:28.209Z [Modules] Streaming discord_desktop_core@1 to /home/jinsoin/.config/discord/0.0.40/modules/pending/discord_desktop_core-1.zip: 43%
2024-01-16T15:34:28.209Z [Modules] Streaming discord_desktop_core@1 to /home/jinsoin/.config/discord/0.0.40/modules/pending/discord_desktop_core-1.zip: 46%
2024-01-16T15:34:28.210Z [Modules] Streaming discord_desktop_core@1 to /home/jinsoin/.config/discord/0.0.40/modules/pending/discord_desktop_core-1.zip: 47%
2024-01-16T15:34:28.211Z [Modules] Streaming discord_desktop_core@1 to /home/jinsoin/.config/discord/0.0.40/modules/pending/discord_desktop_core-1.zip: 50%
2024-01-16T15:34:28.211Z [Modules] Streaming discord_desktop_core@1 to /home/jinsoin/.config/discord/0.0.40/modules/pending/discord_desktop_core-1.zip: 53%
2024-01-16T15:34:28.212Z [Modules] Streaming discord_desktop_core@1 to /home/jinsoin/.config/discord/0.0.40/modules/pending/discord_desktop_core-1.zip: 56%
2024-01-16T15:34:28.214Z [Modules] Streaming discord_desktop_core@1 to /home/jinsoin/.config/discord/0.0.40/modules/pending/discord_desktop_core-1.zip: 57%
2024-01-16T15:34:28.216Z [Modules] Streaming discord_desktop_core@1 to /home/jinsoin/.config/discord/0.0.40/modules/pending/discord_desktop_core-1.zip: 60%
2024-01-16T15:34:28.218Z [Modules] Streaming discord_desktop_core@1 to /home/jinsoin/.config/discord/0.0.40/modules/pending/discord_desktop_core-1.zip: 61%
2024-01-16T15:34:28.220Z [Modules] Streaming discord_desktop_core@1 to /home/jinsoin/.config/discord/0.0.40/modules/pending/discord_desktop_core-1.zip: 63%
2024-01-16T15:34:28.220Z [Modules] Streaming discord_desktop_core@1 to /home/jinsoin/.config/discord/0.0.40/modules/pending/discord_desktop_core-1.zip: 65%
2024-01-16T15:34:28.235Z [Modules] Streaming discord_desktop_core@1 to /home/jinsoin/.config/discord/0.0.40/modules/pending/discord_desktop_core-1.zip: 68%
2024-01-16T15:34:28.235Z [Modules] Streaming discord_desktop_core@1 to /home/jinsoin/.config/discord/0.0.40/modules/pending/discord_desktop_core-1.zip: 70%
2024-01-16T15:34:28.250Z [Modules] Streaming discord_desktop_core@1 to /home/jinsoin/.config/discord/0.0.40/modules/pending/discord_desktop_core-1.zip: 73%
2024-01-16T15:34:28.252Z [Modules] Streaming discord_desktop_core@1 to /home/jinsoin/.config/discord/0.0.40/modules/pending/discord_desktop_core-1.zip: 74%
2024-01-16T15:34:28.253Z [Modules] Streaming discord_desktop_core@1 to /home/jinsoin/.config/discord/0.0.40/modules/pending/discord_desktop_core-1.zip: 77%
2024-01-16T15:34:28.254Z [Modules] Streaming discord_desktop_core@1 to /home/jinsoin/.config/discord/0.0.40/modules/pending/discord_desktop_core-1.zip: 80%
2024-01-16T15:34:28.255Z [Modules] Streaming discord_desktop_core@1 to /home/jinsoin/.config/discord/0.0.40/modules/pending/discord_desktop_core-1.zip: 82%
2024-01-16T15:34:28.259Z [Modules] Streaming discord_desktop_core@1 to /home/jinsoin/.config/discord/0.0.40/modules/pending/discord_desktop_core-1.zip: 83%
2024-01-16T15:34:28.263Z [Modules] Streaming discord_desktop_core@1 to /home/jinsoin/.config/discord/0.0.40/modules/pending/discord_desktop_core-1.zip: 86%
2024-01-16T15:34:28.265Z [Modules] Streaming discord_desktop_core@1 to /home/jinsoin/.config/discord/0.0.40/modules/pending/discord_desktop_core-1.zip: 89%
2024-01-16T15:34:28.265Z [Modules] Streaming discord_desktop_core@1 to /home/jinsoin/.config/discord/0.0.40/modules/pending/discord_desktop_core-1.zip: 91%
2024-01-16T15:34:28.266Z [Modules] Streaming discord_desktop_core@1 to /home/jinsoin/.config/discord/0.0.40/modules/pending/discord_desktop_core-1.zip: 94%
2024-01-16T15:34:28.266Z [Modules] Streaming discord_desktop_core@1 to /home/jinsoin/.config/discord/0.0.40/modules/pending/discord_desktop_core-1.zip: 95%
2024-01-16T15:34:28.267Z [Modules] Streaming discord_desktop_core@1 to /home/jinsoin/.config/discord/0.0.40/modules/pending/discord_desktop_core-1.zip: 98%
2024-01-16T15:34:28.267Z [Modules] Streaming discord_desktop_core@1 to /home/jinsoin/.config/discord/0.0.40/modules/pending/discord_desktop_core-1.zip: 100%
2024-01-16T15:34:28.269Z [Modules] Fetching discord_erlpack@1 from https://discord.com/api/modules/stable/discord_erlpack/1
2024-01-16T15:34:28.269Z [Modules] Streaming discord_erlpack@1 to /home/jinsoin/.config/discord/0.0.40/modules/pending/discord_erlpack-1.zip
2024-01-16T15:34:28.726Z [Modules] Streaming discord_erlpack@1 to /home/jinsoin/.config/discord/0.0.40/modules/pending/discord_erlpack-1.zip: 3%
2024-01-16T15:34:28.726Z [Modules] Streaming discord_erlpack@1 to /home/jinsoin/.config/discord/0.0.40/modules/pending/discord_erlpack-1.zip: 6%
2024-01-16T15:34:28.727Z [Modules] Streaming discord_erlpack@1 to /home/jinsoin/.config/discord/0.0.40/modules/pending/discord_erlpack-1.zip: 10%
2024-01-16T15:34:28.728Z [Modules] Streaming discord_erlpack@1 to /home/jinsoin/.config/discord/0.0.40/modules/pending/discord_erlpack-1.zip: 13%
2024-01-16T15:34:28.729Z [Modules] Streaming discord_erlpack@1 to /home/jinsoin/.config/discord/0.0.40/modules/pending/discord_erlpack-1.zip: 17%
2024-01-16T15:34:28.731Z [Modules] Streaming discord_erlpack@1 to /home/jinsoin/.config/discord/0.0.40/modules/pending/discord_erlpack-1.zip: 20%
2024-01-16T15:34:28.732Z [Modules] Streaming discord_erlpack@1 to /home/jinsoin/.config/discord/0.0.40/modules/pending/discord_erlpack-1.zip: 23%
2024-01-16T15:34:28.733Z [Modules] Streaming discord_erlpack@1 to /home/jinsoin/.config/discord/0.0.40/modules/pending/discord_erlpack-1.zip: 27%
2024-01-16T15:34:28.736Z [Modules] Streaming discord_erlpack@1 to /home/jinsoin/.config/discord/0.0.40/modules/pending/discord_erlpack-1.zip: 29%
2024-01-16T15:34:28.737Z [Modules] Streaming discord_erlpack@1 to /home/jinsoin/.config/discord/0.0.40/modules/pending/discord_erlpack-1.zip: 33%
2024-01-16T15:34:28.737Z [Modules] Streaming discord_erlpack@1 to /home/jinsoin/.config/discord/0.0.40/modules/pending/discord_erlpack-1.zip: 35%
2024-01-16T15:34:28.739Z [Modules] Streaming discord_erlpack@1 to /home/jinsoin/.config/discord/0.0.40/modules/pending/discord_erlpack-1.zip: 39%
2024-01-16T15:34:28.739Z [Modules] Streaming discord_erlpack@1 to /home/jinsoin/.config/discord/0.0.40/modules/pending/discord_erlpack-1.zip: 41%
2024-01-16T15:34:28.740Z [Modules] Streaming discord_erlpack@1 to /home/jinsoin/.config/discord/0.0.40/modules/pending/discord_erlpack-1.zip: 44%
2024-01-16T15:34:28.740Z [Modules] Streaming discord_erlpack@1 to /home/jinsoin/.config/discord/0.0.40/modules/pending/discord_erlpack-1.zip: 45%
2024-01-16T15:34:28.741Z [Modules] Streaming discord_erlpack@1 to /home/jinsoin/.config/discord/0.0.40/modules/pending/discord_erlpack-1.zip: 48%
2024-01-16T15:34:28.742Z [Modules] Streaming discord_erlpack@1 to /home/jinsoin/.config/discord/0.0.40/modules/pending/discord_erlpack-1.zip: 49%
2024-01-16T15:34:28.743Z [Modules] Streaming discord_erlpack@1 to /home/jinsoin/.config/discord/0.0.40/modules/pending/discord_erlpack-1.zip: 53%
2024-01-16T15:34:28.745Z [Modules] Streaming discord_erlpack@1 to /home/jinsoin/.config/discord/0.0.40/modules/pending/discord_erlpack-1.zip: 56%
2024-01-16T15:34:28.750Z [Modules] Streaming discord_erlpack@1 to /home/jinsoin/.config/discord/0.0.40/modules/pending/discord_erlpack-1.zip: 59%
2024-01-16T15:34:28.751Z [Modules] Streaming discord_erlpack@1 to /home/jinsoin/.config/discord/0.0.40/modules/pending/discord_erlpack-1.zip: 60%
2024-01-16T15:34:28.751Z [Modules] Streaming discord_erlpack@1 to /home/jinsoin/.config/discord/0.0.40/modules/pending/discord_erlpack-1.zip: 64%
2024-01-16T15:34:28.752Z [Modules] Streaming discord_erlpack@1 to /home/jinsoin/.config/discord/0.0.40/modules/pending/discord_erlpack-1.zip: 65%
2024-01-16T15:34:28.753Z [Modules] Streaming discord_erlpack@1 to /home/jinsoin/.config/discord/0.0.40/modules/pending/discord_erlpack-1.zip: 69%
2024-01-16T15:34:28.753Z [Modules] Streaming discord_erlpack@1 to /home/jinsoin/.config/discord/0.0.40/modules/pending/discord_erlpack-1.zip: 70%
2024-01-16T15:34:28.755Z [Modules] Streaming discord_erlpack@1 to /home/jinsoin/.config/discord/0.0.40/modules/pending/discord_erlpack-1.zip: 72%
2024-01-16T15:34:28.756Z [Modules] Streaming discord_erlpack@1 to /home/jinsoin/.config/discord/0.0.40/modules/pending/discord_erlpack-1.zip: 76%
2024-01-16T15:34:28.758Z [Modules] Streaming discord_erlpack@1 to /home/jinsoin/.config/discord/0.0.40/modules/pending/discord_erlpack-1.zip: 79%
2024-01-16T15:34:28.759Z [Modules] Streaming discord_erlpack@1 to /home/jinsoin/.config/discord/0.0.40/modules/pending/discord_erlpack-1.zip: 82%
2024-01-16T15:34:28.761Z [Modules] Streaming discord_erlpack@1 to /home/jinsoin/.config/discord/0.0.40/modules/pending/discord_erlpack-1.zip: 85%
2024-01-16T15:34:28.761Z [Modules] Streaming discord_erlpack@1 to /home/jinsoin/.config/discord/0.0.40/modules/pending/discord_erlpack-1.zip: 87%
2024-01-16T15:34:28.763Z [Modules] Streaming discord_erlpack@1 to /home/jinsoin/.config/discord/0.0.40/modules/pending/discord_erlpack-1.zip: 90%
2024-01-16T15:34:28.763Z [Modules] Streaming discord_erlpack@1 to /home/jinsoin/.config/discord/0.0.40/modules/pending/discord_erlpack-1.zip: 94%
2024-01-16T15:34:28.764Z [Modules] Streaming discord_erlpack@1 to /home/jinsoin/.config/discord/0.0.40/modules/pending/discord_erlpack-1.zip: 97%
2024-01-16T15:34:28.765Z [Modules] Streaming discord_erlpack@1 to /home/jinsoin/.config/discord/0.0.40/modules/pending/discord_erlpack-1.zip: 100%
2024-01-16T15:34:28.766Z [Modules] Fetching discord_spellcheck@1 from https://discord.com/api/modules/stable/discord_spellcheck/1
2024-01-16T15:34:28.766Z [Modules] Streaming discord_spellcheck@1 to /home/jinsoin/.config/discord/0.0.40/modules/pending/discord_spellcheck-1.zip
2024-01-16T15:34:29.178Z [Modules] Streaming discord_spellcheck@1 to /home/jinsoin/.config/discord/0.0.40/modules/pending/discord_spellcheck-1.zip: 1%
2024-01-16T15:34:29.179Z [Modules] Streaming discord_spellcheck@1 to /home/jinsoin/.config/discord/0.0.40/modules/pending/discord_spellcheck-1.zip: 2%
2024-01-16T15:34:29.188Z [Modules] Streaming discord_spellcheck@1 to /home/jinsoin/.config/discord/0.0.40/modules/pending/discord_spellcheck-1.zip: 3%
2024-01-16T15:34:29.189Z [Modules] Streaming discord_spellcheck@1 to /home/jinsoin/.config/discord/0.0.40/modules/pending/discord_spellcheck-1.zip: 4%
2024-01-16T15:34:29.191Z [Modules] Streaming discord_spellcheck@1 to /home/jinsoin/.config/discord/0.0.40/modules/pending/discord_spellcheck-1.zip: 5%
2024-01-16T15:34:29.192Z [Modules] Streaming discord_spellcheck@1 to /home/jinsoin/.config/discord/0.0.40/modules/pending/discord_spellcheck-1.zip: 6%
2024-01-16T15:34:29.195Z [Modules] Streaming discord_spellcheck@1 to /home/jinsoin/.config/discord/0.0.40/modules/pending/discord_spellcheck-1.zip: 7%
2024-01-16T15:34:29.197Z [Modules] Streaming discord_spellcheck@1 to /home/jinsoin/.config/discord/0.0.40/modules/pending/discord_spellcheck-1.zip: 8%
2024-01-16T15:34:29.199Z [Modules] Streaming discord_spellcheck@1 to /home/jinsoin/.config/discord/0.0.40/modules/pending/discord_spellcheck-1.zip: 9%
2024-01-16T15:34:29.203Z [Modules] Streaming discord_spellcheck@1 to /home/jinsoin/.config/discord/0.0.40/modules/pending/discord_spellcheck-1.zip: 10%
2024-01-16T15:34:29.204Z [Modules] Streaming discord_spellcheck@1 to /home/jinsoin/.config/discord/0.0.40/modules/pending/discord_spellcheck-1.zip: 11%
2024-01-16T15:34:29.206Z [Modules] Streaming discord_spellcheck@1 to /home/jinsoin/.config/discord/0.0.40/modules/pending/discord_spellcheck-1.zip: 12%
2024-01-16T15:34:29.207Z [Modules] Streaming discord_spellcheck@1 to /home/jinsoin/.config/discord/0.0.40/modules/pending/discord_spellcheck-1.zip: 13%
2024-01-16T15:34:29.210Z [Modules] Streaming discord_spellcheck@1 to /home/jinsoin/.config/discord/0.0.40/modules/pending/discord_spellcheck-1.zip: 14%
2024-01-16T15:34:29.211Z [Modules] Streaming discord_spellcheck@1 to /home/jinsoin/.config/discord/0.0.40/modules/pending/discord_spellcheck-1.zip: 15%
2024-01-16T15:34:29.213Z [Modules] Streaming discord_spellcheck@1 to /home/jinsoin/.config/discord/0.0.40/modules/pending/discord_spellcheck-1.zip: 16%
2024-01-16T15:34:29.215Z [Modules] Streaming discord_spellcheck@1 to /home/jinsoin/.config/discord/0.0.40/modules/pending/discord_spellcheck-1.zip: 17%
2024-01-16T15:34:29.216Z [Modules] Streaming discord_spellcheck@1 to /home/jinsoin/.config/discord/0.0.40/modules/pending/discord_spellcheck-1.zip: 18%
2024-01-16T15:34:29.218Z [Modules] Streaming discord_spellcheck@1 to /home/jinsoin/.config/discord/0.0.40/modules/pending/discord_spellcheck-1.zip: 19%
2024-01-16T15:34:29.228Z [Modules] Streaming discord_spellcheck@1 to /home/jinsoin/.config/discord/0.0.40/modules/pending/discord_spellcheck-1.zip: 20%
2024-01-16T15:34:29.229Z [Modules] Streaming discord_spellcheck@1 to /home/jinsoin/.config/discord/0.0.40/modules/pending/discord_spellcheck-1.zip: 21%
2024-01-16T15:34:29.230Z [Modules] Streaming discord_spellcheck@1 to /home/jinsoin/.config/discord/0.0.40/modules/pending/discord_spellcheck-1.zip: 22%
2024-01-16T15:34:29.245Z [Modules] Streaming discord_spellcheck@1 to /home/jinsoin/.config/discord/0.0.40/modules/pending/discord_spellcheck-1.zip: 23%
2024-01-16T15:34:29.248Z [Modules] Streaming discord_spellcheck@1 to /home/jinsoin/.config/discord/0.0.40/modules/pending/discord_spellcheck-1.zip: 24%
2024-01-16T15:34:29.249Z [Modules] Streaming discord_spellcheck@1 to /home/jinsoin/.config/discord/0.0.40/modules/pending/discord_spellcheck-1.zip: 25%
2024-01-16T15:34:29.250Z [Modules] Streaming discord_spellcheck@1 to /home/jinsoin/.config/discord/0.0.40/modules/pending/discord_spellcheck-1.zip: 26%
2024-01-16T15:34:29.257Z [Modules] Streaming discord_spellcheck@1 to /home/jinsoin/.config/discord/0.0.40/modules/pending/discord_spellcheck-1.zip: 27%
2024-01-16T15:34:29.258Z [Modules] Streaming discord_spellcheck@1 to /home/jinsoin/.config/discord/0.0.40/modules/pending/discord_spellcheck-1.zip: 28%
2024-01-16T15:34:29.259Z [Modules] Streaming discord_spellcheck@1 to /home/jinsoin/.config/discord/0.0.40/modules/pending/discord_spellcheck-1.zip: 29%
2024-01-16T15:34:29.261Z [Modules] Streaming discord_spellcheck@1 to /home/jinsoin/.config/discord/0.0.40/modules/pending/discord_spellcheck-1.zip: 30%
2024-01-16T15:34:29.262Z [Modules] Streaming discord_spellcheck@1 to /home/jinsoin/.config/discord/0.0.40/modules/pending/discord_spellcheck-1.zip: 31%
2024-01-16T15:34:29.264Z [Modules] Streaming discord_spellcheck@1 to /home/jinsoin/.config/discord/0.0.40/modules/pending/discord_spellcheck-1.zip: 32%
2024-01-16T15:34:29.266Z [Modules] Streaming discord_spellcheck@1 to /home/jinsoin/.config/discord/0.0.40/modules/pending/discord_spellcheck-1.zip: 33%
2024-01-16T15:34:29.270Z [Modules] Streaming discord_spellcheck@1 to /home/jinsoin/.config/discord/0.0.40/modules/pending/discord_spellcheck-1.zip: 34%
2024-01-16T15:34:29.272Z [Modules] Streaming discord_spellcheck@1 to /home/jinsoin/.config/discord/0.0.40/modules/pending/discord_spellcheck-1.zip: 35%
2024-01-16T15:34:29.273Z [Modules] Streaming discord_spellcheck@1 to /home/jinsoin/.config/discord/0.0.40/modules/pending/discord_spellcheck-1.zip: 36%
2024-01-16T15:34:29.275Z [Modules] Streaming discord_spellcheck@1 to /home/jinsoin/.config/discord/0.0.40/modules/pending/discord_spellcheck-1.zip: 37%
2024-01-16T15:34:29.278Z [Modules] Streaming discord_spellcheck@1 to /home/jinsoin/.config/discord/0.0.40/modules/pending/discord_spellcheck-1.zip: 38%
2024-01-16T15:34:29.280Z [Modules] Streaming discord_spellcheck@1 to /home/jinsoin/.config/discord/0.0.40/modules/pending/discord_spellcheck-1.zip: 39%
2024-01-16T15:34:29.281Z [Modules] Streaming discord_spellcheck@1 to /home/jinsoin/.config/discord/0.0.40/modules/pending/discord_spellcheck-1.zip: 40%
2024-01-16T15:34:29.282Z [Modules] Streaming discord_spellcheck@1 to /home/jinsoin/.config/discord/0.0.40/modules/pending/discord_spellcheck-1.zip: 41%
2024-01-16T15:34:29.287Z [Modules] Streaming discord_spellcheck@1 to /home/jinsoin/.config/discord/0.0.40/modules/pending/discord_spellcheck-1.zip: 42%
2024-01-16T15:34:29.295Z [Modules] Streaming discord_spellcheck@1 to /home/jinsoin/.config/discord/0.0.40/modules/pending/discord_spellcheck-1.zip: 43%
2024-01-16T15:34:29.297Z [Modules] Streaming discord_spellcheck@1 to /home/jinsoin/.config/discord/0.0.40/modules/pending/discord_spellcheck-1.zip: 44%
2024-01-16T15:34:29.303Z [Modules] Streaming discord_spellcheck@1 to /home/jinsoin/.config/discord/0.0.40/modules/pending/discord_spellcheck-1.zip: 45%
2024-01-16T15:34:29.307Z [Modules] Streaming discord_spellcheck@1 to /home/jinsoin/.config/discord/0.0.40/modules/pending/discord_spellcheck-1.zip: 46%
2024-01-16T15:34:29.308Z [Modules] Streaming discord_spellcheck@1 to /home/jinsoin/.config/discord/0.0.40/modules/pending/discord_spellcheck-1.zip: 47%
2024-01-16T15:34:29.309Z [Modules] Streaming discord_spellcheck@1 to /home/jinsoin/.config/discord/0.0.40/modules/pending/discord_spellcheck-1.zip: 48%
2024-01-16T15:34:29.316Z [Modules] Streaming discord_spellcheck@1 to /home/jinsoin/.config/discord/0.0.40/modules/pending/discord_spellcheck-1.zip: 49%
2024-01-16T15:34:29.317Z [Modules] Streaming discord_spellcheck@1 to /home/jinsoin/.config/discord/0.0.40/modules/pending/discord_spellcheck-1.zip: 50%
2024-01-16T15:34:29.321Z [Modules] Streaming discord_spellcheck@1 to /home/jinsoin/.config/discord/0.0.40/modules/pending/discord_spellcheck-1.zip: 51%
2024-01-16T15:34:29.322Z [Modules] Streaming discord_spellcheck@1 to /home/jinsoin/.config/discord/0.0.40/modules/pending/discord_spellcheck-1.zip: 52%
2024-01-16T15:34:29.324Z [Modules] Streaming discord_spellcheck@1 to /home/jinsoin/.config/discord/0.0.40/modules/pending/discord_spellcheck-1.zip: 53%
2024-01-16T15:34:29.325Z [Modules] Streaming discord_spellcheck@1 to /home/jinsoin/.config/discord/0.0.40/modules/pending/discord_spellcheck-1.zip: 54%
2024-01-16T15:34:29.329Z [Modules] Streaming discord_spellcheck@1 to /home/jinsoin/.config/discord/0.0.40/modules/pending/discord_spellcheck-1.zip: 55%
2024-01-16T15:34:29.330Z [Modules] Streaming discord_spellcheck@1 to /home/jinsoin/.config/discord/0.0.40/modules/pending/discord_spellcheck-1.zip: 56%
2024-01-16T15:34:29.332Z [Modules] Streaming discord_spellcheck@1 to /home/jinsoin/.config/discord/0.0.40/modules/pending/discord_spellcheck-1.zip: 57%
2024-01-16T15:34:29.334Z [Modules] Streaming discord_spellcheck@1 to /home/jinsoin/.config/discord/0.0.40/modules/pending/discord_spellcheck-1.zip: 58%
2024-01-16T15:34:29.336Z [Modules] Streaming discord_spellcheck@1 to /home/jinsoin/.config/discord/0.0.40/modules/pending/discord_spellcheck-1.zip: 59%
2024-01-16T15:34:29.337Z [Modules] Streaming discord_spellcheck@1 to /home/jinsoin/.config/discord/0.0.40/modules/pending/discord_spellcheck-1.zip: 60%
2024-01-16T15:34:29.339Z [Modules] Streaming discord_spellcheck@1 to /home/jinsoin/.config/discord/0.0.40/modules/pending/discord_spellcheck-1.zip: 61%
2024-01-16T15:34:29.341Z [Modules] Streaming discord_spellcheck@1 to /home/jinsoin/.config/discord/0.0.40/modules/pending/discord_spellcheck-1.zip: 62%
2024-01-16T15:34:29.344Z [Modules] Streaming discord_spellcheck@1 to /home/jinsoin/.config/discord/0.0.40/modules/pending/discord_spellcheck-1.zip: 63%
2024-01-16T15:34:29.345Z [Modules] Streaming discord_spellcheck@1 to /home/jinsoin/.config/discord/0.0.40/modules/pending/discord_spellcheck-1.zip: 64%
2024-01-16T15:34:29.347Z [Modules] Streaming discord_spellcheck@1 to /home/jinsoin/.config/discord/0.0.40/modules/pending/discord_spellcheck-1.zip: 65%
2024-01-16T15:34:29.356Z [Modules] Streaming discord_spellcheck@1 to /home/jinsoin/.config/discord/0.0.40/modules/pending/discord_spellcheck-1.zip: 66%
2024-01-16T15:34:29.357Z [Modules] Streaming discord_spellcheck@1 to /home/jinsoin/.config/discord/0.0.40/modules/pending/discord_spellcheck-1.zip: 67%
2024-01-16T15:34:29.358Z [Modules] Streaming discord_spellcheck@1 to /home/jinsoin/.config/discord/0.0.40/modules/pending/discord_spellcheck-1.zip: 68%
2024-01-16T15:34:29.359Z [Modules] Streaming discord_spellcheck@1 to /home/jinsoin/.config/discord/0.0.40/modules/pending/discord_spellcheck-1.zip: 69%
2024-01-16T15:34:29.367Z [Modules] Streaming discord_spellcheck@1 to /home/jinsoin/.config/discord/0.0.40/modules/pending/discord_spellcheck-1.zip: 70%
2024-01-16T15:34:29.368Z [Modules] Streaming discord_spellcheck@1 to /home/jinsoin/.config/discord/0.0.40/modules/pending/discord_spellcheck-1.zip: 71%
2024-01-16T15:34:29.370Z [Modules] Streaming discord_spellcheck@1 to /home/jinsoin/.config/discord/0.0.40/modules/pending/discord_spellcheck-1.zip: 72%
2024-01-16T15:34:29.377Z [Modules] Streaming discord_spellcheck@1 to /home/jinsoin/.config/discord/0.0.40/modules/pending/discord_spellcheck-1.zip: 73%
2024-01-16T15:34:29.378Z [Modules] Streaming discord_spellcheck@1 to /home/jinsoin/.config/discord/0.0.40/modules/pending/discord_spellcheck-1.zip: 74%
2024-01-16T15:34:29.379Z [Modules] Streaming discord_spellcheck@1 to /home/jinsoin/.config/discord/0.0.40/modules/pending/discord_spellcheck-1.zip: 75%
2024-01-16T15:34:29.382Z [Modules] Streaming discord_spellcheck@1 to /home/jinsoin/.config/discord/0.0.40/modules/pending/discord_spellcheck-1.zip: 76%
2024-01-16T15:34:29.383Z [Modules] Streaming discord_spellcheck@1 to /home/jinsoin/.config/discord/0.0.40/modules/pending/discord_spellcheck-1.zip: 77%
2024-01-16T15:34:29.384Z [Modules] Streaming discord_spellcheck@1 to /home/jinsoin/.config/discord/0.0.40/modules/pending/discord_spellcheck-1.zip: 78%
2024-01-16T15:34:29.387Z [Modules] Streaming discord_spellcheck@1 to /home/jinsoin/.config/discord/0.0.40/modules/pending/discord_spellcheck-1.zip: 79%
2024-01-16T15:34:29.389Z [Modules] Streaming discord_spellcheck@1 to /home/jinsoin/.config/discord/0.0.40/modules/pending/discord_spellcheck-1.zip: 80%
2024-01-16T15:34:29.391Z [Modules] Streaming discord_spellcheck@1 to /home/jinsoin/.config/discord/0.0.40/modules/pending/discord_spellcheck-1.zip: 81%
2024-01-16T15:34:29.392Z [Modules] Streaming discord_spellcheck@1 to /home/jinsoin/.config/discord/0.0.40/modules/pending/discord_spellcheck-1.zip: 82%
2024-01-16T15:34:29.395Z [Modules] Streaming discord_spellcheck@1 to /home/jinsoin/.config/discord/0.0.40/modules/pending/discord_spellcheck-1.zip: 83%
2024-01-16T15:34:29.397Z [Modules] Streaming discord_spellcheck@1 to /home/jinsoin/.config/discord/0.0.40/modules/pending/discord_spellcheck-1.zip: 84%
2024-01-16T15:34:29.398Z [Modules] Streaming discord_spellcheck@1 to /home/jinsoin/.config/discord/0.0.40/modules/pending/discord_spellcheck-1.zip: 85%
2024-01-16T15:34:29.401Z [Modules] Streaming discord_spellcheck@1 to /home/jinsoin/.config/discord/0.0.40/modules/pending/discord_spellcheck-1.zip: 86%
2024-01-16T15:34:29.402Z [Modules] Streaming discord_spellcheck@1 to /home/jinsoin/.config/discord/0.0.40/modules/pending/discord_spellcheck-1.zip: 87%
2024-01-16T15:34:29.403Z [Modules] Streaming discord_spellcheck@1 to /home/jinsoin/.config/discord/0.0.40/modules/pending/discord_spellcheck-1.zip: 88%
2024-01-16T15:34:29.410Z [Modules] Streaming discord_spellcheck@1 to /home/jinsoin/.config/discord/0.0.40/modules/pending/discord_spellcheck-1.zip: 89%
2024-01-16T15:34:29.412Z [Modules] Streaming discord_spellcheck@1 to /home/jinsoin/.config/discord/0.0.40/modules/pending/discord_spellcheck-1.zip: 90%
2024-01-16T15:34:29.413Z [Modules] Streaming discord_spellcheck@1 to /home/jinsoin/.config/discord/0.0.40/modules/pending/discord_spellcheck-1.zip: 91%
2024-01-16T15:34:29.416Z [Modules] Streaming discord_spellcheck@1 to /home/jinsoin/.config/discord/0.0.40/modules/pending/discord_spellcheck-1.zip: 92%
2024-01-16T15:34:29.423Z [Modules] Streaming discord_spellcheck@1 to /home/jinsoin/.config/discord/0.0.40/modules/pending/discord_spellcheck-1.zip: 93%
2024-01-16T15:34:29.424Z [Modules] Streaming discord_spellcheck@1 to /home/jinsoin/.config/discord/0.0.40/modules/pending/discord_spellcheck-1.zip: 94%
2024-01-16T15:34:29.430Z [Modules] Streaming discord_spellcheck@1 to /home/jinsoin/.config/discord/0.0.40/modules/pending/discord_spellcheck-1.zip: 95%
2024-01-16T15:34:29.432Z [Modules] Streaming discord_spellcheck@1 to /home/jinsoin/.config/discord/0.0.40/modules/pending/discord_spellcheck-1.zip: 96%
2024-01-16T15:34:29.433Z [Modules] Streaming discord_spellcheck@1 to /home/jinsoin/.config/discord/0.0.40/modules/pending/discord_spellcheck-1.zip: 97%
2024-01-16T15:34:29.441Z [Modules] Streaming discord_spellcheck@1 to /home/jinsoin/.config/discord/0.0.40/modules/pending/discord_spellcheck-1.zip: 98%
2024-01-16T15:34:29.443Z [Modules] Streaming discord_spellcheck@1 to /home/jinsoin/.config/discord/0.0.40/modules/pending/discord_spellcheck-1.zip: 99%
2024-01-16T15:34:29.446Z [Modules] Streaming discord_spellcheck@1 to /home/jinsoin/.config/discord/0.0.40/modules/pending/discord_spellcheck-1.zip: 100%
2024-01-16T15:34:29.447Z [Modules] Fetching discord_utils@1 from https://discord.com/api/modules/stable/discord_utils/1
2024-01-16T15:34:29.448Z [Modules] Streaming discord_utils@1 to /home/jinsoin/.config/discord/0.0.40/modules/pending/discord_utils-1.zip
2024-01-16T15:34:29.977Z [Modules] Streaming discord_utils@1 to /home/jinsoin/.config/discord/0.0.40/modules/pending/discord_utils-1.zip: 2%
2024-01-16T15:34:29.978Z [Modules] Streaming discord_utils@1 to /home/jinsoin/.config/discord/0.0.40/modules/pending/discord_utils-1.zip: 5%
2024-01-16T15:34:29.979Z [Modules] Streaming discord_utils@1 to /home/jinsoin/.config/discord/0.0.40/modules/pending/discord_utils-1.zip: 7%
2024-01-16T15:34:29.979Z [Modules] Streaming discord_utils@1 to /home/jinsoin/.config/discord/0.0.40/modules/pending/discord_utils-1.zip: 8%
2024-01-16T15:34:29.980Z [Modules] Streaming discord_utils@1 to /home/jinsoin/.config/discord/0.0.40/modules/pending/discord_utils-1.zip: 10%
2024-01-16T15:34:29.980Z [Modules] Streaming discord_utils@1 to /home/jinsoin/.config/discord/0.0.40/modules/pending/discord_utils-1.zip: 11%
2024-01-16T15:34:29.981Z [Modules] Streaming discord_utils@1 to /home/jinsoin/.config/discord/0.0.40/modules/pending/discord_utils-1.zip: 13%
2024-01-16T15:34:29.982Z [Modules] Streaming discord_utils@1 to /home/jinsoin/.config/discord/0.0.40/modules/pending/discord_utils-1.zip: 14%
2024-01-16T15:34:29.982Z [Modules] Streaming discord_utils@1 to /home/jinsoin/.config/discord/0.0.40/modules/pending/discord_utils-1.zip: 16%
2024-01-16T15:34:29.983Z [Modules] Streaming discord_utils@1 to /home/jinsoin/.config/discord/0.0.40/modules/pending/discord_utils-1.zip: 18%
2024-01-16T15:34:29.983Z [Modules] Streaming discord_utils@1 to /home/jinsoin/.config/discord/0.0.40/modules/pending/discord_utils-1.zip: 19%
2024-01-16T15:34:29.984Z [Modules] Streaming discord_utils@1 to /home/jinsoin/.config/discord/0.0.40/modules/pending/discord_utils-1.zip: 21%
2024-01-16T15:34:29.984Z [Modules] Streaming discord_utils@1 to /home/jinsoin/.config/discord/0.0.40/modules/pending/discord_utils-1.zip: 22%
2024-01-16T15:34:29.988Z [Modules] Streaming discord_utils@1 to /home/jinsoin/.config/discord/0.0.40/modules/pending/discord_utils-1.zip: 24%
2024-01-16T15:34:29.989Z [Modules] Streaming discord_utils@1 to /home/jinsoin/.config/discord/0.0.40/modules/pending/discord_utils-1.zip: 26%
2024-01-16T15:34:29.990Z [Modules] Streaming discord_utils@1 to /home/jinsoin/.config/discord/0.0.40/modules/pending/discord_utils-1.zip: 27%
2024-01-16T15:34:29.990Z [Modules] Streaming discord_utils@1 to /home/jinsoin/.config/discord/0.0.40/modules/pending/discord_utils-1.zip: 29%
2024-01-16T15:34:29.990Z [Modules] Streaming discord_utils@1 to /home/jinsoin/.config/discord/0.0.40/modules/pending/discord_utils-1.zip: 30%
2024-01-16T15:34:29.991Z [Modules] Streaming discord_utils@1 to /home/jinsoin/.config/discord/0.0.40/modules/pending/discord_utils-1.zip: 32%
2024-01-16T15:34:29.991Z [Modules] Streaming discord_utils@1 to /home/jinsoin/.config/discord/0.0.40/modules/pending/discord_utils-1.zip: 33%
2024-01-16T15:34:29.992Z [Modules] Streaming discord_utils@1 to /home/jinsoin/.config/discord/0.0.40/modules/pending/discord_utils-1.zip: 35%
2024-01-16T15:34:29.993Z [Modules] Streaming discord_utils@1 to /home/jinsoin/.config/discord/0.0.40/modules/pending/discord_utils-1.zip: 37%
2024-01-16T15:34:29.993Z [Modules] Streaming discord_utils@1 to /home/jinsoin/.config/discord/0.0.40/modules/pending/discord_utils-1.zip: 38%
2024-01-16T15:34:29.994Z [Modules] Streaming discord_utils@1 to /home/jinsoin/.config/discord/0.0.40/modules/pending/discord_utils-1.zip: 40%
2024-01-16T15:34:29.995Z [Modules] Streaming discord_utils@1 to /home/jinsoin/.config/discord/0.0.40/modules/pending/discord_utils-1.zip: 42%
2024-01-16T15:34:29.996Z [Modules] Streaming discord_utils@1 to /home/jinsoin/.config/discord/0.0.40/modules/pending/discord_utils-1.zip: 43%
2024-01-16T15:34:29.998Z [Modules] Streaming discord_utils@1 to /home/jinsoin/.config/discord/0.0.40/modules/pending/discord_utils-1.zip: 45%
2024-01-16T15:34:29.999Z [Modules] Streaming discord_utils@1 to /home/jinsoin/.config/discord/0.0.40/modules/pending/discord_utils-1.zip: 46%
2024-01-16T15:34:29.999Z [Modules] Streaming discord_utils@1 to /home/jinsoin/.config/discord/0.0.40/modules/pending/discord_utils-1.zip: 48%
2024-01-16T15:34:30.000Z [Modules] Streaming discord_utils@1 to /home/jinsoin/.config/discord/0.0.40/modules/pending/discord_utils-1.zip: 49%
2024-01-16T15:34:30.000Z [Modules] Streaming discord_utils@1 to /home/jinsoin/.config/discord/0.0.40/modules/pending/discord_utils-1.zip: 51%
2024-01-16T15:34:30.001Z [Modules] Streaming discord_utils@1 to /home/jinsoin/.config/discord/0.0.40/modules/pending/discord_utils-1.zip: 52%
2024-01-16T15:34:30.001Z [Modules] Streaming discord_utils@1 to /home/jinsoin/.config/discord/0.0.40/modules/pending/discord_utils-1.zip: 54%
2024-01-16T15:34:30.002Z [Modules] Streaming discord_utils@1 to /home/jinsoin/.config/discord/0.0.40/modules/pending/discord_utils-1.zip: 56%
2024-01-16T15:34:30.003Z [Modules] Streaming discord_utils@1 to /home/jinsoin/.config/discord/0.0.40/modules/pending/discord_utils-1.zip: 57%
2024-01-16T15:34:30.003Z [Modules] Streaming discord_utils@1 to /home/jinsoin/.config/discord/0.0.40/modules/pending/discord_utils-1.zip: 59%
2024-01-16T15:34:30.004Z [Modules] Streaming discord_utils@1 to /home/jinsoin/.config/discord/0.0.40/modules/pending/discord_utils-1.zip: 61%
2024-01-16T15:34:30.006Z [Modules] Streaming discord_utils@1 to /home/jinsoin/.config/discord/0.0.40/modules/pending/discord_utils-1.zip: 63%
2024-01-16T15:34:30.006Z [Modules] Streaming discord_utils@1 to /home/jinsoin/.config/discord/0.0.40/modules/pending/discord_utils-1.zip: 64%
2024-01-16T15:34:30.027Z [Modules] Streaming discord_utils@1 to /home/jinsoin/.config/discord/0.0.40/modules/pending/discord_utils-1.zip: 65%
2024-01-16T15:34:30.030Z [Modules] Streaming discord_utils@1 to /home/jinsoin/.config/discord/0.0.40/modules/pending/discord_utils-1.zip: 67%
2024-01-16T15:34:30.031Z [Modules] Streaming discord_utils@1 to /home/jinsoin/.config/discord/0.0.40/modules/pending/discord_utils-1.zip: 68%
2024-01-16T15:34:30.031Z [Modules] Streaming discord_utils@1 to /home/jinsoin/.config/discord/0.0.40/modules/pending/discord_utils-1.zip: 71%
2024-01-16T15:34:30.033Z [Modules] Streaming discord_utils@1 to /home/jinsoin/.config/discord/0.0.40/modules/pending/discord_utils-1.zip: 72%
2024-01-16T15:34:30.037Z [Modules] Streaming discord_utils@1 to /home/jinsoin/.config/discord/0.0.40/modules/pending/discord_utils-1.zip: 74%
2024-01-16T15:34:30.038Z [Modules] Streaming discord_utils@1 to /home/jinsoin/.config/discord/0.0.40/modules/pending/discord_utils-1.zip: 75%
2024-01-16T15:34:30.038Z [Modules] Streaming discord_utils@1 to /home/jinsoin/.config/discord/0.0.40/modules/pending/discord_utils-1.zip: 78%
2024-01-16T15:34:30.039Z [Modules] Streaming discord_utils@1 to /home/jinsoin/.config/discord/0.0.40/modules/pending/discord_utils-1.zip: 80%
2024-01-16T15:34:30.039Z [Modules] Streaming discord_utils@1 to /home/jinsoin/.config/discord/0.0.40/modules/pending/discord_utils-1.zip: 81%
2024-01-16T15:34:30.048Z [Modules] Streaming discord_utils@1 to /home/jinsoin/.config/discord/0.0.40/modules/pending/discord_utils-1.zip: 83%
2024-01-16T15:34:30.049Z [Modules] Streaming discord_utils@1 to /home/jinsoin/.config/discord/0.0.40/modules/pending/discord_utils-1.zip: 85%
2024-01-16T15:34:30.049Z [Modules] Streaming discord_utils@1 to /home/jinsoin/.config/discord/0.0.40/modules/pending/discord_utils-1.zip: 86%
2024-01-16T15:34:30.050Z [Modules] Streaming discord_utils@1 to /home/jinsoin/.config/discord/0.0.40/modules/pending/discord_utils-1.zip: 88%
2024-01-16T15:34:30.050Z [Modules] Streaming discord_utils@1 to /home/jinsoin/.config/discord/0.0.40/modules/pending/discord_utils-1.zip: 89%
2024-01-16T15:34:30.051Z [Modules] Streaming discord_utils@1 to /home/jinsoin/.config/discord/0.0.40/modules/pending/discord_utils-1.zip: 91%
2024-01-16T15:34:30.052Z [Modules] Streaming discord_utils@1 to /home/jinsoin/.config/discord/0.0.40/modules/pending/discord_utils-1.zip: 93%
2024-01-16T15:34:30.052Z [Modules] Streaming discord_utils@1 to /home/jinsoin/.config/discord/0.0.40/modules/pending/discord_utils-1.zip: 94%
2024-01-16T15:34:30.053Z [Modules] Streaming discord_utils@1 to /home/jinsoin/.config/discord/0.0.40/modules/pending/discord_utils-1.zip: 97%
2024-01-16T15:34:30.054Z [Modules] Streaming discord_utils@1 to /home/jinsoin/.config/discord/0.0.40/modules/pending/discord_utils-1.zip: 99%
2024-01-16T15:34:30.054Z [Modules] Streaming discord_utils@1 to /home/jinsoin/.config/discord/0.0.40/modules/pending/discord_utils-1.zip: 100%
2024-01-16T15:34:30.056Z [Modules] Fetching discord_voice@1 from https://discord.com/api/modules/stable/discord_voice/1
2024-01-16T15:34:30.056Z [Modules] Streaming discord_voice@1 to /home/jinsoin/.config/discord/0.0.40/modules/pending/discord_voice-1.zip
2024-01-16T15:34:30.479Z [Modules] Streaming discord_voice@1 to /home/jinsoin/.config/discord/0.0.40/modules/pending/discord_voice-1.zip: 1%
2024-01-16T15:34:30.482Z [Modules] Streaming discord_voice@1 to /home/jinsoin/.config/discord/0.0.40/modules/pending/discord_voice-1.zip: 2%
2024-01-16T15:34:30.485Z [Modules] Streaming discord_voice@1 to /home/jinsoin/.config/discord/0.0.40/modules/pending/discord_voice-1.zip: 3%
2024-01-16T15:34:30.491Z [Modules] Streaming discord_voice@1 to /home/jinsoin/.config/discord/0.0.40/modules/pending/discord_voice-1.zip: 4%
2024-01-16T15:34:30.495Z [Modules] Streaming discord_voice@1 to /home/jinsoin/.config/discord/0.0.40/modules/pending/discord_voice-1.zip: 5%
2024-01-16T15:34:30.498Z [Modules] Streaming discord_voice@1 to /home/jinsoin/.config/discord/0.0.40/modules/pending/discord_voice-1.zip: 6%
2024-01-16T15:34:30.500Z [Modules] Streaming discord_voice@1 to /home/jinsoin/.config/discord/0.0.40/modules/pending/discord_voice-1.zip: 7%
2024-01-16T15:34:30.510Z [Modules] Streaming discord_voice@1 to /home/jinsoin/.config/discord/0.0.40/modules/pending/discord_voice-1.zip: 8%
2024-01-16T15:34:30.540Z [Modules] Streaming discord_voice@1 to /home/jinsoin/.config/discord/0.0.40/modules/pending/discord_voice-1.zip: 9%
2024-01-16T15:34:30.543Z [Modules] Streaming discord_voice@1 to /home/jinsoin/.config/discord/0.0.40/modules/pending/discord_voice-1.zip: 10%
2024-01-16T15:34:30.551Z [Modules] Streaming discord_voice@1 to /home/jinsoin/.config/discord/0.0.40/modules/pending/discord_voice-1.zip: 11%
2024-01-16T15:34:30.557Z [Modules] Streaming discord_voice@1 to /home/jinsoin/.config/discord/0.0.40/modules/pending/discord_voice-1.zip: 12%
2024-01-16T15:34:30.559Z [Modules] Streaming discord_voice@1 to /home/jinsoin/.config/discord/0.0.40/modules/pending/discord_voice-1.zip: 13%
2024-01-16T15:34:30.563Z [Modules] Streaming discord_voice@1 to /home/jinsoin/.config/discord/0.0.40/modules/pending/discord_voice-1.zip: 14%
2024-01-16T15:34:30.567Z [Modules] Streaming discord_voice@1 to /home/jinsoin/.config/discord/0.0.40/modules/pending/discord_voice-1.zip: 15%
2024-01-16T15:34:30.593Z [Modules] Streaming discord_voice@1 to /home/jinsoin/.config/discord/0.0.40/modules/pending/discord_voice-1.zip: 16%
2024-01-16T15:34:30.596Z [Modules] Streaming discord_voice@1 to /home/jinsoin/.config/discord/0.0.40/modules/pending/discord_voice-1.zip: 17%
2024-01-16T15:34:30.599Z [Modules] Streaming discord_voice@1 to /home/jinsoin/.config/discord/0.0.40/modules/pending/discord_voice-1.zip: 18%
2024-01-16T15:34:30.605Z [Modules] Streaming discord_voice@1 to /home/jinsoin/.config/discord/0.0.40/modules/pending/discord_voice-1.zip: 19%
2024-01-16T15:34:30.617Z [Modules] Streaming discord_voice@1 to /home/jinsoin/.config/discord/0.0.40/modules/pending/discord_voice-1.zip: 20%
2024-01-16T15:34:30.621Z [Modules] Streaming discord_voice@1 to /home/jinsoin/.config/discord/0.0.40/modules/pending/discord_voice-1.zip: 21%
2024-01-16T15:34:30.629Z [Modules] Streaming discord_voice@1 to /home/jinsoin/.config/discord/0.0.40/modules/pending/discord_voice-1.zip: 22%
2024-01-16T15:34:30.632Z [Modules] Streaming discord_voice@1 to /home/jinsoin/.config/discord/0.0.40/modules/pending/discord_voice-1.zip: 23%
2024-01-16T15:34:30.651Z [Modules] Streaming discord_voice@1 to /home/jinsoin/.config/discord/0.0.40/modules/pending/discord_voice-1.zip: 24%
2024-01-16T15:34:30.655Z [Modules] Streaming discord_voice@1 to /home/jinsoin/.config/discord/0.0.40/modules/pending/discord_voice-1.zip: 25%
2024-01-16T15:34:30.658Z [Modules] Streaming discord_voice@1 to /home/jinsoin/.config/discord/0.0.40/modules/pending/discord_voice-1.zip: 26%
2024-01-16T15:34:30.661Z [Modules] Streaming discord_voice@1 to /home/jinsoin/.config/discord/0.0.40/modules/pending/discord_voice-1.zip: 27%
2024-01-16T15:34:30.665Z [Modules] Streaming discord_voice@1 to /home/jinsoin/.config/discord/0.0.40/modules/pending/discord_voice-1.zip: 28%
2024-01-16T15:34:30.678Z [Modules] Streaming discord_voice@1 to /home/jinsoin/.config/discord/0.0.40/modules/pending/discord_voice-1.zip: 29%
2024-01-16T15:34:30.681Z [Modules] Streaming discord_voice@1 to /home/jinsoin/.config/discord/0.0.40/modules/pending/discord_voice-1.zip: 30%
2024-01-16T15:34:30.711Z [Modules] Streaming discord_voice@1 to /home/jinsoin/.config/discord/0.0.40/modules/pending/discord_voice-1.zip: 31%
2024-01-16T15:34:30.714Z [Modules] Streaming discord_voice@1 to /home/jinsoin/.config/discord/0.0.40/modules/pending/discord_voice-1.zip: 32%
2024-01-16T15:34:30.718Z [Modules] Streaming discord_voice@1 to /home/jinsoin/.config/discord/0.0.40/modules/pending/discord_voice-1.zip: 33%
2024-01-16T15:34:30.720Z [Modules] Streaming discord_voice@1 to /home/jinsoin/.config/discord/0.0.40/modules/pending/discord_voice-1.zip: 34%
2024-01-16T15:34:30.772Z [Modules] Streaming discord_voice@1 to /home/jinsoin/.config/discord/0.0.40/modules/pending/discord_voice-1.zip: 35%
2024-01-16T15:34:30.776Z [Modules] Streaming discord_voice@1 to /home/jinsoin/.config/discord/0.0.40/modules/pending/discord_voice-1.zip: 36%
2024-01-16T15:34:30.780Z [Modules] Streaming discord_voice@1 to /home/jinsoin/.config/discord/0.0.40/modules/pending/discord_voice-1.zip: 37%
2024-01-16T15:34:30.784Z [Modules] Streaming discord_voice@1 to /home/jinsoin/.config/discord/0.0.40/modules/pending/discord_voice-1.zip: 38%
2024-01-16T15:34:30.788Z [Modules] Streaming discord_voice@1 to /home/jinsoin/.config/discord/0.0.40/modules/pending/discord_voice-1.zip: 39%
2024-01-16T15:34:30.795Z [Modules] Streaming discord_voice@1 to /home/jinsoin/.config/discord/0.0.40/modules/pending/discord_voice-1.zip: 40%
2024-01-16T15:34:30.803Z [Modules] Streaming discord_voice@1 to /home/jinsoin/.config/discord/0.0.40/modules/pending/discord_voice-1.zip: 41%
2024-01-16T15:34:30.811Z [Modules] Streaming discord_voice@1 to /home/jinsoin/.config/discord/0.0.40/modules/pending/discord_voice-1.zip: 42%
2024-01-16T15:34:30.819Z [Modules] Streaming discord_voice@1 to /home/jinsoin/.config/discord/0.0.40/modules/pending/discord_voice-1.zip: 43%
2024-01-16T15:34:30.831Z [Modules] Streaming discord_voice@1 to /home/jinsoin/.config/discord/0.0.40/modules/pending/discord_voice-1.zip: 44%
2024-01-16T15:34:30.835Z [Modules] Streaming discord_voice@1 to /home/jinsoin/.config/discord/0.0.40/modules/pending/discord_voice-1.zip: 45%
2024-01-16T15:34:30.840Z [Modules] Streaming discord_voice@1 to /home/jinsoin/.config/discord/0.0.40/modules/pending/discord_voice-1.zip: 46%
2024-01-16T15:34:30.845Z [Modules] Streaming discord_voice@1 to /home/jinsoin/.config/discord/0.0.40/modules/pending/discord_voice-1.zip: 47%
2024-01-16T15:34:30.849Z [Modules] Streaming discord_voice@1 to /home/jinsoin/.config/discord/0.0.40/modules/pending/discord_voice-1.zip: 48%
2024-01-16T15:34:30.853Z [Modules] Streaming discord_voice@1 to /home/jinsoin/.config/discord/0.0.40/modules/pending/discord_voice-1.zip: 49%
2024-01-16T15:34:30.870Z [Modules] Streaming discord_voice@1 to /home/jinsoin/.config/discord/0.0.40/modules/pending/discord_voice-1.zip: 50%
2024-01-16T15:34:30.880Z [Modules] Streaming discord_voice@1 to /home/jinsoin/.config/discord/0.0.40/modules/pending/discord_voice-1.zip: 51%
2024-01-16T15:34:30.915Z [Modules] Streaming discord_voice@1 to /home/jinsoin/.config/discord/0.0.40/modules/pending/discord_voice-1.zip: 52%
2024-01-16T15:34:30.918Z [Modules] Streaming discord_voice@1 to /home/jinsoin/.config/discord/0.0.40/modules/pending/discord_voice-1.zip: 53%
2024-01-16T15:34:30.923Z [Modules] Streaming discord_voice@1 to /home/jinsoin/.config/discord/0.0.40/modules/pending/discord_voice-1.zip: 54%
2024-01-16T15:34:30.928Z [Modules] Streaming discord_voice@1 to /home/jinsoin/.config/discord/0.0.40/modules/pending/discord_voice-1.zip: 55%
2024-01-16T15:34:30.932Z [Modules] Streaming discord_voice@1 to /home/jinsoin/.config/discord/0.0.40/modules/pending/discord_voice-1.zip: 56%
2024-01-16T15:34:30.937Z [Modules] Streaming discord_voice@1 to /home/jinsoin/.config/discord/0.0.40/modules/pending/discord_voice-1.zip: 57%
2024-01-16T15:34:30.940Z [Modules] Streaming discord_voice@1 to /home/jinsoin/.config/discord/0.0.40/modules/pending/discord_voice-1.zip: 58%
2024-01-16T15:34:30.955Z [Modules] Streaming discord_voice@1 to /home/jinsoin/.config/discord/0.0.40/modules/pending/discord_voice-1.zip: 59%
2024-01-16T15:34:30.962Z [Modules] Streaming discord_voice@1 to /home/jinsoin/.config/discord/0.0.40/modules/pending/discord_voice-1.zip: 60%
2024-01-16T15:34:30.974Z [Modules] Streaming discord_voice@1 to /home/jinsoin/.config/discord/0.0.40/modules/pending/discord_voice-1.zip: 61%
2024-01-16T15:34:30.978Z [Modules] Streaming discord_voice@1 to /home/jinsoin/.config/discord/0.0.40/modules/pending/discord_voice-1.zip: 62%
2024-01-16T15:34:30.982Z [Modules] Streaming discord_voice@1 to /home/jinsoin/.config/discord/0.0.40/modules/pending/discord_voice-1.zip: 63%
2024-01-16T15:34:30.986Z [Modules] Streaming discord_voice@1 to /home/jinsoin/.config/discord/0.0.40/modules/pending/discord_voice-1.zip: 64%
2024-01-16T15:34:30.989Z [Modules] Streaming discord_voice@1 to /home/jinsoin/.config/discord/0.0.40/modules/pending/discord_voice-1.zip: 65%
2024-01-16T15:34:30.999Z [Modules] Streaming discord_voice@1 to /home/jinsoin/.config/discord/0.0.40/modules/pending/discord_voice-1.zip: 66%
2024-01-16T15:34:31.009Z [Modules] Streaming discord_voice@1 to /home/jinsoin/.config/discord/0.0.40/modules/pending/discord_voice-1.zip: 67%
2024-01-16T15:34:31.014Z [Modules] Streaming discord_voice@1 to /home/jinsoin/.config/discord/0.0.40/modules/pending/discord_voice-1.zip: 68%
2024-01-16T15:34:31.019Z [Modules] Streaming discord_voice@1 to /home/jinsoin/.config/discord/0.0.40/modules/pending/discord_voice-1.zip: 69%
2024-01-16T15:34:31.038Z [Modules] Streaming discord_voice@1 to /home/jinsoin/.config/discord/0.0.40/modules/pending/discord_voice-1.zip: 70%
2024-01-16T15:34:31.042Z [Modules] Streaming discord_voice@1 to /home/jinsoin/.config/discord/0.0.40/modules/pending/discord_voice-1.zip: 71%
2024-01-16T15:34:31.046Z [Modules] Streaming discord_voice@1 to /home/jinsoin/.config/discord/0.0.40/modules/pending/discord_voice-1.zip: 72%
2024-01-16T15:34:31.050Z [Modules] Streaming discord_voice@1 to /home/jinsoin/.config/discord/0.0.40/modules/pending/discord_voice-1.zip: 73%
2024-01-16T15:34:31.054Z [Modules] Streaming discord_voice@1 to /home/jinsoin/.config/discord/0.0.40/modules/pending/discord_voice-1.zip: 74%
2024-01-16T15:34:31.062Z [Modules] Streaming discord_voice@1 to /home/jinsoin/.config/discord/0.0.40/modules/pending/discord_voice-1.zip: 75%
2024-01-16T15:34:31.066Z [Modules] Streaming discord_voice@1 to /home/jinsoin/.config/discord/0.0.40/modules/pending/discord_voice-1.zip: 76%
2024-01-16T15:34:31.069Z [Modules] Streaming discord_voice@1 to /home/jinsoin/.config/discord/0.0.40/modules/pending/discord_voice-1.zip: 77%
2024-01-16T15:34:31.083Z [Modules] Streaming discord_voice@1 to /home/jinsoin/.config/discord/0.0.40/modules/pending/discord_voice-1.zip: 78%
2024-01-16T15:34:31.088Z [Modules] Streaming discord_voice@1 to /home/jinsoin/.config/discord/0.0.40/modules/pending/discord_voice-1.zip: 79%
2024-01-16T15:34:31.092Z [Modules] Streaming discord_voice@1 to /home/jinsoin/.config/discord/0.0.40/modules/pending/discord_voice-1.zip: 80%
2024-01-16T15:34:31.096Z [Modules] Streaming discord_voice@1 to /home/jinsoin/.config/discord/0.0.40/modules/pending/discord_voice-1.zip: 81%
2024-01-16T15:34:31.102Z [Modules] Streaming discord_voice@1 to /home/jinsoin/.config/discord/0.0.40/modules/pending/discord_voice-1.zip: 82%
2024-01-16T15:34:31.113Z [Modules] Streaming discord_voice@1 to /home/jinsoin/.config/discord/0.0.40/modules/pending/discord_voice-1.zip: 83%
2024-01-16T15:34:31.117Z [Modules] Streaming discord_voice@1 to /home/jinsoin/.config/discord/0.0.40/modules/pending/discord_voice-1.zip: 84%
2024-01-16T15:34:31.126Z [Modules] Streaming discord_voice@1 to /home/jinsoin/.config/discord/0.0.40/modules/pending/discord_voice-1.zip: 85%
2024-01-16T15:34:31.135Z [Modules] Streaming discord_voice@1 to /home/jinsoin/.config/discord/0.0.40/modules/pending/discord_voice-1.zip: 86%
2024-01-16T15:34:31.141Z [Modules] Streaming discord_voice@1 to /home/jinsoin/.config/discord/0.0.40/modules/pending/discord_voice-1.zip: 87%
2024-01-16T15:34:31.144Z [Modules] Streaming discord_voice@1 to /home/jinsoin/.config/discord/0.0.40/modules/pending/discord_voice-1.zip: 88%
2024-01-16T15:34:31.149Z [Modules] Streaming discord_voice@1 to /home/jinsoin/.config/discord/0.0.40/modules/pending/discord_voice-1.zip: 89%
2024-01-16T15:34:31.154Z [Modules] Streaming discord_voice@1 to /home/jinsoin/.config/discord/0.0.40/modules/pending/discord_voice-1.zip: 90%
2024-01-16T15:34:31.159Z [Modules] Streaming discord_voice@1 to /home/jinsoin/.config/discord/0.0.40/modules/pending/discord_voice-1.zip: 91%
2024-01-16T15:34:31.167Z [Modules] Streaming discord_voice@1 to /home/jinsoin/.config/discord/0.0.40/modules/pending/discord_voice-1.zip: 92%
2024-01-16T15:34:31.178Z [Modules] Streaming discord_voice@1 to /home/jinsoin/.config/discord/0.0.40/modules/pending/discord_voice-1.zip: 93%
2024-01-16T15:34:31.192Z [Modules] Streaming discord_voice@1 to /home/jinsoin/.config/discord/0.0.40/modules/pending/discord_voice-1.zip: 94%
2024-01-16T15:34:31.196Z [Modules] Streaming discord_voice@1 to /home/jinsoin/.config/discord/0.0.40/modules/pending/discord_voice-1.zip: 95%
2024-01-16T15:34:31.204Z [Modules] Streaming discord_voice@1 to /home/jinsoin/.config/discord/0.0.40/modules/pending/discord_voice-1.zip: 96%
2024-01-16T15:34:31.210Z [Modules] Streaming discord_voice@1 to /home/jinsoin/.config/discord/0.0.40/modules/pending/discord_voice-1.zip: 97%
2024-01-16T15:34:31.214Z [Modules] Streaming discord_voice@1 to /home/jinsoin/.config/discord/0.0.40/modules/pending/discord_voice-1.zip: 98%
2024-01-16T15:34:31.219Z [Modules] Streaming discord_voice@1 to /home/jinsoin/.config/discord/0.0.40/modules/pending/discord_voice-1.zip: 99%
2024-01-16T15:34:31.222Z [Modules] Streaming discord_voice@1 to /home/jinsoin/.config/discord/0.0.40/modules/pending/discord_voice-1.zip: 100%
2024-01-16T15:34:31.223Z [Modules] Finished module downloads. [success: 5] [failure: 0]
2024-01-16T15:34:31.223Z [Modules] Installing updates...
2024-01-16T15:34:31.223Z [Modules] Installing discord_desktop_core@1 from /home/jinsoin/.config/discord/0.0.40/modules/pending/discord_desktop_core-1.zip
2024-01-16T15:34:31.286Z [Modules] Installing discord_erlpack@1 from /home/jinsoin/.config/discord/0.0.40/modules/pending/discord_erlpack-1.zip
2024-01-16T15:34:31.331Z [Modules] Installing discord_spellcheck@1 from /home/jinsoin/.config/discord/0.0.40/modules/pending/discord_spellcheck-1.zip
2024-01-16T15:34:31.862Z [Modules] Installing discord_utils@1 from /home/jinsoin/.config/discord/0.0.40/modules/pending/discord_utils-1.zip
2024-01-16T15:34:31.956Z [Modules] Installing discord_voice@1 from /home/jinsoin/.config/discord/0.0.40/modules/pending/discord_voice-1.zip
2024-01-16T15:34:32.543Z [Modules] Finished module installations. [success: 5] [failure: 0]
2024-01-16T15:34:32.543Z [Modules] Checking for host updates.
2024-01-16T15:34:32.977Z [Modules] Host is up to date.
2024-01-16T15:34:32.977Z [Modules] Checking for module updates at https://discord.com/api/modules/stable/versions.json
2024-01-16T15:34:32.981Z [Modules] No module updates available.
2024-01-16T15:34:34.545Z [Modules] Starting to install discord_krisp...
2024-01-16T15:34:34.545Z [Modules] Fetching discord_krisp@1 from https://discord.com/api/modules/stable/discord_krisp/1
2024-01-16T15:34:34.545Z [Modules] Streaming discord_krisp@1 to /home/jinsoin/.config/discord/0.0.40/modules/pending/discord_krisp-1.zip
2024-01-16T15:34:34.552Z [Modules] Starting to install discord_game_utils...
2024-01-16T15:34:34.916Z [Modules] Streaming discord_krisp@1 to /home/jinsoin/.config/discord/0.0.40/modules/pending/discord_krisp-1.zip: 1%
2024-01-16T15:34:34.918Z [Modules] Streaming discord_krisp@1 to /home/jinsoin/.config/discord/0.0.40/modules/pending/discord_krisp-1.zip: 2%
2024-01-16T15:34:34.923Z [Modules] Streaming discord_krisp@1 to /home/jinsoin/.config/discord/0.0.40/modules/pending/discord_krisp-1.zip: 3%
2024-01-16T15:34:34.933Z [Modules] Streaming discord_krisp@1 to /home/jinsoin/.config/discord/0.0.40/modules/pending/discord_krisp-1.zip: 4%
2024-01-16T15:34:34.937Z [Modules] Streaming discord_krisp@1 to /home/jinsoin/.config/discord/0.0.40/modules/pending/discord_krisp-1.zip: 5%
2024-01-16T15:34:34.943Z [Modules] Streaming discord_krisp@1 to /home/jinsoin/.config/discord/0.0.40/modules/pending/discord_krisp-1.zip: 6%
2024-01-16T15:34:34.946Z [Modules] Streaming discord_krisp@1 to /home/jinsoin/.config/discord/0.0.40/modules/pending/discord_krisp-1.zip: 7%
2024-01-16T15:34:34.949Z [Modules] Streaming discord_krisp@1 to /home/jinsoin/.config/discord/0.0.40/modules/pending/discord_krisp-1.zip: 8%
2024-01-16T15:34:34.974Z [Modules] Streaming discord_krisp@1 to /home/jinsoin/.config/discord/0.0.40/modules/pending/discord_krisp-1.zip: 9%
2024-01-16T15:34:34.977Z [Modules] Streaming discord_krisp@1 to /home/jinsoin/.config/discord/0.0.40/modules/pending/discord_krisp-1.zip: 10%
2024-01-16T15:34:34.980Z [Modules] Streaming discord_krisp@1 to /home/jinsoin/.config/discord/0.0.40/modules/pending/discord_krisp-1.zip: 11%
2024-01-16T15:34:34.984Z [Modules] Streaming discord_krisp@1 to /home/jinsoin/.config/discord/0.0.40/modules/pending/discord_krisp-1.zip: 12%
2024-01-16T15:34:34.997Z [Modules] Streaming discord_krisp@1 to /home/jinsoin/.config/discord/0.0.40/modules/pending/discord_krisp-1.zip: 13%
2024-01-16T15:34:34.997Z [Modules] Streaming discord_krisp@1 to /home/jinsoin/.config/discord/0.0.40/modules/pending/discord_krisp-1.zip: 14%
2024-01-16T15:34:35.004Z [Modules] Streaming discord_krisp@1 to /home/jinsoin/.config/discord/0.0.40/modules/pending/discord_krisp-1.zip: 15%
2024-01-16T15:34:35.009Z [Modules] Streaming discord_krisp@1 to /home/jinsoin/.config/discord/0.0.40/modules/pending/discord_krisp-1.zip: 16%
2024-01-16T15:34:35.015Z [Modules] Streaming discord_krisp@1 to /home/jinsoin/.config/discord/0.0.40/modules/pending/discord_krisp-1.zip: 17%
2024-01-16T15:34:35.021Z [Modules] Streaming discord_krisp@1 to /home/jinsoin/.config/discord/0.0.40/modules/pending/discord_krisp-1.zip: 18%
2024-01-16T15:34:35.036Z [Modules] Streaming discord_krisp@1 to /home/jinsoin/.config/discord/0.0.40/modules/pending/discord_krisp-1.zip: 19%
2024-01-16T15:34:35.037Z [Modules] Streaming discord_krisp@1 to /home/jinsoin/.config/discord/0.0.40/modules/pending/discord_krisp-1.zip: 20%
2024-01-16T15:34:35.040Z [Modules] Streaming discord_krisp@1 to /home/jinsoin/.config/discord/0.0.40/modules/pending/discord_krisp-1.zip: 21%
2024-01-16T15:34:35.046Z [Modules] Streaming discord_krisp@1 to /home/jinsoin/.config/discord/0.0.40/modules/pending/discord_krisp-1.zip: 22%
2024-01-16T15:34:35.047Z [Modules] Streaming discord_krisp@1 to /home/jinsoin/.config/discord/0.0.40/modules/pending/discord_krisp-1.zip: 23%
2024-01-16T15:34:35.072Z [Modules] Streaming discord_krisp@1 to /home/jinsoin/.config/discord/0.0.40/modules/pending/discord_krisp-1.zip: 24%
2024-01-16T15:34:35.072Z [Modules] Streaming discord_krisp@1 to /home/jinsoin/.config/discord/0.0.40/modules/pending/discord_krisp-1.zip: 25%
2024-01-16T15:34:35.073Z [Modules] Streaming discord_krisp@1 to /home/jinsoin/.config/discord/0.0.40/modules/pending/discord_krisp-1.zip: 26%
2024-01-16T15:34:35.088Z [Modules] Streaming discord_krisp@1 to /home/jinsoin/.config/discord/0.0.40/modules/pending/discord_krisp-1.zip: 27%
2024-01-16T15:34:35.097Z [Modules] Streaming discord_krisp@1 to /home/jinsoin/.config/discord/0.0.40/modules/pending/discord_krisp-1.zip: 28%
2024-01-16T15:34:35.099Z [Modules] Streaming discord_krisp@1 to /home/jinsoin/.config/discord/0.0.40/modules/pending/discord_krisp-1.zip: 29%
2024-01-16T15:34:35.103Z [Modules] Streaming discord_krisp@1 to /home/jinsoin/.config/discord/0.0.40/modules/pending/discord_krisp-1.zip: 30%
2024-01-16T15:34:35.105Z [Modules] Streaming discord_krisp@1 to /home/jinsoin/.config/discord/0.0.40/modules/pending/discord_krisp-1.zip: 31%
2024-01-16T15:34:35.112Z [Modules] Streaming discord_krisp@1 to /home/jinsoin/.config/discord/0.0.40/modules/pending/discord_krisp-1.zip: 32%
2024-01-16T15:34:35.118Z [Modules] Streaming discord_krisp@1 to /home/jinsoin/.config/discord/0.0.40/modules/pending/discord_krisp-1.zip: 33%
2024-01-16T15:34:35.142Z [Modules] Streaming discord_krisp@1 to /home/jinsoin/.config/discord/0.0.40/modules/pending/discord_krisp-1.zip: 34%
2024-01-16T15:34:35.145Z [Modules] Streaming discord_krisp@1 to /home/jinsoin/.config/discord/0.0.40/modules/pending/discord_krisp-1.zip: 35%
2024-01-16T15:34:35.147Z [Modules] Streaming discord_krisp@1 to /home/jinsoin/.config/discord/0.0.40/modules/pending/discord_krisp-1.zip: 36%
2024-01-16T15:34:35.150Z [Modules] Streaming discord_krisp@1 to /home/jinsoin/.config/discord/0.0.40/modules/pending/discord_krisp-1.zip: 37%
2024-01-16T15:34:35.171Z [Modules] Streaming discord_krisp@1 to /home/jinsoin/.config/discord/0.0.40/modules/pending/discord_krisp-1.zip: 38%
2024-01-16T15:34:35.172Z [Modules] Streaming discord_krisp@1 to /home/jinsoin/.config/discord/0.0.40/modules/pending/discord_krisp-1.zip: 39%
2024-01-16T15:34:35.172Z [Modules] Streaming discord_krisp@1 to /home/jinsoin/.config/discord/0.0.40/modules/pending/discord_krisp-1.zip: 40%
2024-01-16T15:34:35.173Z [Modules] Streaming discord_krisp@1 to /home/jinsoin/.config/discord/0.0.40/modules/pending/discord_krisp-1.zip: 41%
2024-01-16T15:34:35.194Z [Modules] Streaming discord_krisp@1 to /home/jinsoin/.config/discord/0.0.40/modules/pending/discord_krisp-1.zip: 42%
2024-01-16T15:34:35.197Z [Modules] Streaming discord_krisp@1 to /home/jinsoin/.config/discord/0.0.40/modules/pending/discord_krisp-1.zip: 43%
2024-01-16T15:34:35.206Z [Modules] Streaming discord_krisp@1 to /home/jinsoin/.config/discord/0.0.40/modules/pending/discord_krisp-1.zip: 44%
2024-01-16T15:34:35.208Z [Modules] Streaming discord_krisp@1 to /home/jinsoin/.config/discord/0.0.40/modules/pending/discord_krisp-1.zip: 45%
2024-01-16T15:34:35.211Z [Modules] Streaming discord_krisp@1 to /home/jinsoin/.config/discord/0.0.40/modules/pending/discord_krisp-1.zip: 46%
2024-01-16T15:34:35.222Z [Modules] Streaming discord_krisp@1 to /home/jinsoin/.config/discord/0.0.40/modules/pending/discord_krisp-1.zip: 47%
2024-01-16T15:34:35.224Z [Modules] Streaming discord_krisp@1 to /home/jinsoin/.config/discord/0.0.40/modules/pending/discord_krisp-1.zip: 48%
2024-01-16T15:34:35.228Z [Modules] Streaming discord_krisp@1 to /home/jinsoin/.config/discord/0.0.40/modules/pending/discord_krisp-1.zip: 49%
2024-01-16T15:34:35.231Z [Modules] Streaming discord_krisp@1 to /home/jinsoin/.config/discord/0.0.40/modules/pending/discord_krisp-1.zip: 50%
2024-01-16T15:34:35.246Z [Modules] Streaming discord_krisp@1 to /home/jinsoin/.config/discord/0.0.40/modules/pending/discord_krisp-1.zip: 51%
2024-01-16T15:34:35.249Z [Modules] Streaming discord_krisp@1 to /home/jinsoin/.config/discord/0.0.40/modules/pending/discord_krisp-1.zip: 52%
2024-01-16T15:34:35.271Z [Modules] Streaming discord_krisp@1 to /home/jinsoin/.config/discord/0.0.40/modules/pending/discord_krisp-1.zip: 53%
2024-01-16T15:34:35.273Z [Modules] Streaming discord_krisp@1 to /home/jinsoin/.config/discord/0.0.40/modules/pending/discord_krisp-1.zip: 54%
2024-01-16T15:34:35.280Z [Modules] Streaming discord_krisp@1 to /home/jinsoin/.config/discord/0.0.40/modules/pending/discord_krisp-1.zip: 55%
2024-01-16T15:34:35.283Z [Modules] Streaming discord_krisp@1 to /home/jinsoin/.config/discord/0.0.40/modules/pending/discord_krisp-1.zip: 56%
2024-01-16T15:34:35.285Z [Modules] Streaming discord_krisp@1 to /home/jinsoin/.config/discord/0.0.40/modules/pending/discord_krisp-1.zip: 57%
2024-01-16T15:34:35.295Z [Modules] Streaming discord_krisp@1 to /home/jinsoin/.config/discord/0.0.40/modules/pending/discord_krisp-1.zip: 58%
2024-01-16T15:34:35.297Z [Modules] Streaming discord_krisp@1 to /home/jinsoin/.config/discord/0.0.40/modules/pending/discord_krisp-1.zip: 59%
2024-01-16T15:34:35.300Z [Modules] Streaming discord_krisp@1 to /home/jinsoin/.config/discord/0.0.40/modules/pending/discord_krisp-1.zip: 60%
2024-01-16T15:34:35.306Z [Modules] Streaming discord_krisp@1 to /home/jinsoin/.config/discord/0.0.40/modules/pending/discord_krisp-1.zip: 61%
2024-01-16T15:34:35.318Z [Modules] Streaming discord_krisp@1 to /home/jinsoin/.config/discord/0.0.40/modules/pending/discord_krisp-1.zip: 62%
2024-01-16T15:34:35.330Z [Modules] Streaming discord_krisp@1 to /home/jinsoin/.config/discord/0.0.40/modules/pending/discord_krisp-1.zip: 63%
2024-01-16T15:34:35.339Z [Modules] Streaming discord_krisp@1 to /home/jinsoin/.config/discord/0.0.40/modules/pending/discord_krisp-1.zip: 64%
2024-01-16T15:34:35.343Z [Modules] Streaming discord_krisp@1 to /home/jinsoin/.config/discord/0.0.40/modules/pending/discord_krisp-1.zip: 65%
2024-01-16T15:34:35.348Z [Modules] Streaming discord_krisp@1 to /home/jinsoin/.config/discord/0.0.40/modules/pending/discord_krisp-1.zip: 66%
2024-01-16T15:34:35.351Z [Modules] Streaming discord_krisp@1 to /home/jinsoin/.config/discord/0.0.40/modules/pending/discord_krisp-1.zip: 67%
2024-01-16T15:34:35.353Z [Modules] Streaming discord_krisp@1 to /home/jinsoin/.config/discord/0.0.40/modules/pending/discord_krisp-1.zip: 68%
2024-01-16T15:34:35.355Z [Modules] Checking for host updates.
2024-01-16T15:34:35.356Z [Modules] Streaming discord_krisp@1 to /home/jinsoin/.config/discord/0.0.40/modules/pending/discord_krisp-1.zip: 69%
2024-01-16T15:34:35.358Z [Modules] Streaming discord_krisp@1 to /home/jinsoin/.config/discord/0.0.40/modules/pending/discord_krisp-1.zip: 70%
2024-01-16T15:34:35.362Z [Modules] Streaming discord_krisp@1 to /home/jinsoin/.config/discord/0.0.40/modules/pending/discord_krisp-1.zip: 71%
2024-01-16T15:34:35.372Z [Modules] Streaming discord_krisp@1 to /home/jinsoin/.config/discord/0.0.40/modules/pending/discord_krisp-1.zip: 72%
2024-01-16T15:34:35.389Z [Modules] Streaming discord_krisp@1 to /home/jinsoin/.config/discord/0.0.40/modules/pending/discord_krisp-1.zip: 73%
2024-01-16T15:34:35.393Z [Modules] Streaming discord_krisp@1 to /home/jinsoin/.config/discord/0.0.40/modules/pending/discord_krisp-1.zip: 74%
2024-01-16T15:34:35.404Z [Modules] Streaming discord_krisp@1 to /home/jinsoin/.config/discord/0.0.40/modules/pending/discord_krisp-1.zip: 75%
2024-01-16T15:34:35.408Z [Modules] Streaming discord_krisp@1 to /home/jinsoin/.config/discord/0.0.40/modules/pending/discord_krisp-1.zip: 76%
2024-01-16T15:34:35.411Z [Modules] Streaming discord_krisp@1 to /home/jinsoin/.config/discord/0.0.40/modules/pending/discord_krisp-1.zip: 77%
2024-01-16T15:34:35.418Z [Modules] Streaming discord_krisp@1 to /home/jinsoin/.config/discord/0.0.40/modules/pending/discord_krisp-1.zip: 78%
2024-01-16T15:34:35.421Z [Modules] Streaming discord_krisp@1 to /home/jinsoin/.config/discord/0.0.40/modules/pending/discord_krisp-1.zip: 79%
2024-01-16T15:34:35.423Z [Modules] Streaming discord_krisp@1 to /home/jinsoin/.config/discord/0.0.40/modules/pending/discord_krisp-1.zip: 80%
2024-01-16T15:34:35.428Z [Modules] Streaming discord_krisp@1 to /home/jinsoin/.config/discord/0.0.40/modules/pending/discord_krisp-1.zip: 81%
2024-01-16T15:34:35.428Z [Modules] Starting to install discord_rpc...
2024-01-16T15:34:35.438Z [Modules] Streaming discord_krisp@1 to /home/jinsoin/.config/discord/0.0.40/modules/pending/discord_krisp-1.zip: 82%
2024-01-16T15:34:35.467Z [Modules] Streaming discord_krisp@1 to /home/jinsoin/.config/discord/0.0.40/modules/pending/discord_krisp-1.zip: 83%
2024-01-16T15:34:35.469Z [Modules] Streaming discord_krisp@1 to /home/jinsoin/.config/discord/0.0.40/modules/pending/discord_krisp-1.zip: 84%
2024-01-16T15:34:35.472Z [Modules] Streaming discord_krisp@1 to /home/jinsoin/.config/discord/0.0.40/modules/pending/discord_krisp-1.zip: 85%
2024-01-16T15:34:35.481Z [Modules] Streaming discord_krisp@1 to /home/jinsoin/.config/discord/0.0.40/modules/pending/discord_krisp-1.zip: 86%
2024-01-16T15:34:35.482Z [Modules] Streaming discord_krisp@1 to /home/jinsoin/.config/discord/0.0.40/modules/pending/discord_krisp-1.zip: 87%
2024-01-16T15:34:35.484Z [Modules] Streaming discord_krisp@1 to /home/jinsoin/.config/discord/0.0.40/modules/pending/discord_krisp-1.zip: 88%
2024-01-16T15:34:35.492Z [Modules] Streaming discord_krisp@1 to /home/jinsoin/.config/discord/0.0.40/modules/pending/discord_krisp-1.zip: 89%
2024-01-16T15:34:35.493Z [Modules] Streaming discord_krisp@1 to /home/jinsoin/.config/discord/0.0.40/modules/pending/discord_krisp-1.zip: 90%
2024-01-16T15:34:35.497Z [Modules] Streaming discord_krisp@1 to /home/jinsoin/.config/discord/0.0.40/modules/pending/discord_krisp-1.zip: 91%
2024-01-16T15:34:35.530Z [Modules] Streaming discord_krisp@1 to /home/jinsoin/.config/discord/0.0.40/modules/pending/discord_krisp-1.zip: 92%
2024-01-16T15:34:35.533Z [Modules] Streaming discord_krisp@1 to /home/jinsoin/.config/discord/0.0.40/modules/pending/discord_krisp-1.zip: 93%
2024-01-16T15:34:35.540Z [Modules] Streaming discord_krisp@1 to /home/jinsoin/.config/discord/0.0.40/modules/pending/discord_krisp-1.zip: 94%
2024-01-16T15:34:35.563Z [Modules] Streaming discord_krisp@1 to /home/jinsoin/.config/discord/0.0.40/modules/pending/discord_krisp-1.zip: 98%
2024-01-16T15:34:35.566Z [Modules] Streaming discord_krisp@1 to /home/jinsoin/.config/discord/0.0.40/modules/pending/discord_krisp-1.zip: 99%
2024-01-16T15:34:35.583Z [Modules] Streaming discord_krisp@1 to /home/jinsoin/.config/discord/0.0.40/modules/pending/discord_krisp-1.zip: 100%
2024-01-16T15:34:35.585Z [Modules] Fetching discord_game_utils@1 from https://discord.com/api/modules/stable/discord_game_utils/1
2024-01-16T15:34:35.585Z [Modules] Streaming discord_game_utils@1 to /home/jinsoin/.config/discord/0.0.40/modules/pending/discord_game_utils-1.zip
2024-01-16T15:34:35.585Z [Modules] Installing discord_krisp@1 from /home/jinsoin/.config/discord/0.0.40/modules/pending/discord_krisp-1.zip
2024-01-16T15:34:35.692Z [Modules] Host is up to date.
2024-01-16T15:34:35.692Z [Modules] Checking for module updates at https://discord.com/api/modules/stable/versions.json
2024-01-16T15:34:35.696Z [Modules] No module updates available.
2024-01-16T15:34:35.957Z [Modules] Finished module installations. [success: 1] [failure: 0]
2024-01-16T15:34:36.255Z [Modules] Streaming discord_game_utils@1 to /home/jinsoin/.config/discord/0.0.40/modules/pending/discord_game_utils-1.zip: 2%
2024-01-16T15:34:36.326Z [Modules] Streaming discord_game_utils@1 to /home/jinsoin/.config/discord/0.0.40/modules/pending/discord_game_utils-1.zip: 3%
2024-01-16T15:34:36.362Z [Modules] Streaming discord_game_utils@1 to /home/jinsoin/.config/discord/0.0.40/modules/pending/discord_game_utils-1.zip: 4%
2024-01-16T15:34:36.398Z [Modules] Streaming discord_game_utils@1 to /home/jinsoin/.config/discord/0.0.40/modules/pending/discord_game_utils-1.zip: 5%
2024-01-16T15:34:36.399Z [Modules] Streaming discord_game_utils@1 to /home/jinsoin/.config/discord/0.0.40/modules/pending/discord_game_utils-1.zip: 6%
2024-01-16T15:34:36.432Z [Modules] Streaming discord_game_utils@1 to /home/jinsoin/.config/discord/0.0.40/modules/pending/discord_game_utils-1.zip: 7%
2024-01-16T15:34:36.437Z [Modules] Streaming discord_game_utils@1 to /home/jinsoin/.config/discord/0.0.40/modules/pending/discord_game_utils-1.zip: 9%
2024-01-16T15:34:36.437Z [Modules] Streaming discord_game_utils@1 to /home/jinsoin/.config/discord/0.0.40/modules/pending/discord_game_utils-1.zip: 10%
2024-01-16T15:34:36.468Z [Modules] Streaming discord_game_utils@1 to /home/jinsoin/.config/discord/0.0.40/modules/pending/discord_game_utils-1.zip: 11%
2024-01-16T15:34:36.474Z [Modules] Streaming discord_game_utils@1 to /home/jinsoin/.config/discord/0.0.40/modules/pending/discord_game_utils-1.zip: 12%
2024-01-16T15:34:36.477Z [Modules] Streaming discord_game_utils@1 to /home/jinsoin/.config/discord/0.0.40/modules/pending/discord_game_utils-1.zip: 14%
2024-01-16T15:34:36.478Z [Modules] Streaming discord_game_utils@1 to /home/jinsoin/.config/discord/0.0.40/modules/pending/discord_game_utils-1.zip: 17%
2024-01-16T15:34:36.479Z [Modules] Streaming discord_game_utils@1 to /home/jinsoin/.config/discord/0.0.40/modules/pending/discord_game_utils-1.zip: 20%
2024-01-16T15:34:36.481Z [Modules] Streaming discord_game_utils@1 to /home/jinsoin/.config/discord/0.0.40/modules/pending/discord_game_utils-1.zip: 21%
2024-01-16T15:34:36.504Z [Modules] Streaming discord_game_utils@1 to /home/jinsoin/.config/discord/0.0.40/modules/pending/discord_game_utils-1.zip: 22%
2024-01-16T15:34:36.511Z [Modules] Streaming discord_game_utils@1 to /home/jinsoin/.config/discord/0.0.40/modules/pending/discord_game_utils-1.zip: 24%
2024-01-16T15:34:36.515Z [Modules] Streaming discord_game_utils@1 to /home/jinsoin/.config/discord/0.0.40/modules/pending/discord_game_utils-1.zip: 27%
2024-01-16T15:34:36.515Z [Modules] Streaming discord_game_utils@1 to /home/jinsoin/.config/discord/0.0.40/modules/pending/discord_game_utils-1.zip: 28%
2024-01-16T15:34:36.523Z [Modules] Streaming discord_game_utils@1 to /home/jinsoin/.config/discord/0.0.40/modules/pending/discord_game_utils-1.zip: 31%
2024-01-16T15:34:36.524Z [Modules] Streaming discord_game_utils@1 to /home/jinsoin/.config/discord/0.0.40/modules/pending/discord_game_utils-1.zip: 33%
2024-01-16T15:34:36.524Z [Modules] Streaming discord_game_utils@1 to /home/jinsoin/.config/discord/0.0.40/modules/pending/discord_game_utils-1.zip: 34%
2024-01-16T15:34:36.524Z [Modules] Streaming discord_game_utils@1 to /home/jinsoin/.config/discord/0.0.40/modules/pending/discord_game_utils-1.zip: 36%
2024-01-16T15:34:36.527Z [Modules] Streaming discord_game_utils@1 to /home/jinsoin/.config/discord/0.0.40/modules/pending/discord_game_utils-1.zip: 39%
2024-01-16T15:34:36.527Z [Modules] Streaming discord_game_utils@1 to /home/jinsoin/.config/discord/0.0.40/modules/pending/discord_game_utils-1.zip: 40%
2024-01-16T15:34:36.541Z [Modules] Streaming discord_game_utils@1 to /home/jinsoin/.config/discord/0.0.40/modules/pending/discord_game_utils-1.zip: 43%
2024-01-16T15:34:36.541Z [Modules] Streaming discord_game_utils@1 to /home/jinsoin/.config/discord/0.0.40/modules/pending/discord_game_utils-1.zip: 44%
2024-01-16T15:34:36.550Z [Modules] Streaming discord_game_utils@1 to /home/jinsoin/.config/discord/0.0.40/modules/pending/discord_game_utils-1.zip: 46%
2024-01-16T15:34:36.551Z [Modules] Streaming discord_game_utils@1 to /home/jinsoin/.config/discord/0.0.40/modules/pending/discord_game_utils-1.zip: 49%
2024-01-16T15:34:36.557Z [Modules] Streaming discord_game_utils@1 to /home/jinsoin/.config/discord/0.0.40/modules/pending/discord_game_utils-1.zip: 52%
2024-01-16T15:34:36.558Z [Modules] Streaming discord_game_utils@1 to /home/jinsoin/.config/discord/0.0.40/modules/pending/discord_game_utils-1.zip: 53%
2024-01-16T15:34:36.560Z [Modules] Streaming discord_game_utils@1 to /home/jinsoin/.config/discord/0.0.40/modules/pending/discord_game_utils-1.zip: 55%
2024-01-16T15:34:36.561Z [Modules] Streaming discord_game_utils@1 to /home/jinsoin/.config/discord/0.0.40/modules/pending/discord_game_utils-1.zip: 56%
2024-01-16T15:34:36.562Z [Modules] Streaming discord_game_utils@1 to /home/jinsoin/.config/discord/0.0.40/modules/pending/discord_game_utils-1.zip: 58%
2024-01-16T15:34:36.570Z [Modules] Streaming discord_game_utils@1 to /home/jinsoin/.config/discord/0.0.40/modules/pending/discord_game_utils-1.zip: 60%
2024-01-16T15:34:36.570Z [Modules] Streaming discord_game_utils@1 to /home/jinsoin/.config/discord/0.0.40/modules/pending/discord_game_utils-1.zip: 62%
2024-01-16T15:34:36.571Z [Modules] Streaming discord_game_utils@1 to /home/jinsoin/.config/discord/0.0.40/modules/pending/discord_game_utils-1.zip: 64%
2024-01-16T15:34:36.571Z [Modules] Streaming discord_game_utils@1 to /home/jinsoin/.config/discord/0.0.40/modules/pending/discord_game_utils-1.zip: 66%
2024-01-16T15:34:36.572Z [Modules] Streaming discord_game_utils@1 to /home/jinsoin/.config/discord/0.0.40/modules/pending/discord_game_utils-1.zip: 68%
2024-01-16T15:34:36.575Z [Modules] Streaming discord_game_utils@1 to /home/jinsoin/.config/discord/0.0.40/modules/pending/discord_game_utils-1.zip: 71%
2024-01-16T15:34:36.576Z [Modules] Streaming discord_game_utils@1 to /home/jinsoin/.config/discord/0.0.40/modules/pending/discord_game_utils-1.zip: 73%
2024-01-16T15:34:36.577Z [Modules] Streaming discord_game_utils@1 to /home/jinsoin/.config/discord/0.0.40/modules/pending/discord_game_utils-1.zip: 74%
2024-01-16T15:34:36.578Z [Modules] Streaming discord_game_utils@1 to /home/jinsoin/.config/discord/0.0.40/modules/pending/discord_game_utils-1.zip: 77%
2024-01-16T15:34:36.578Z [Modules] Streaming discord_game_utils@1 to /home/jinsoin/.config/discord/0.0.40/modules/pending/discord_game_utils-1.zip: 80%
2024-01-16T15:34:36.579Z [Modules] Streaming discord_game_utils@1 to /home/jinsoin/.config/discord/0.0.40/modules/pending/discord_game_utils-1.zip: 83%
2024-01-16T15:34:36.579Z [Modules] Streaming discord_game_utils@1 to /home/jinsoin/.config/discord/0.0.40/modules/pending/discord_game_utils-1.zip: 85%
2024-01-16T15:34:36.579Z [Modules] Streaming discord_game_utils@1 to /home/jinsoin/.config/discord/0.0.40/modules/pending/discord_game_utils-1.zip: 93%
2024-01-16T15:34:36.579Z [Modules] Streaming discord_game_utils@1 to /home/jinsoin/.config/discord/0.0.40/modules/pending/discord_game_utils-1.zip: 98%
2024-01-16T15:34:36.579Z [Modules] Streaming discord_game_utils@1 to /home/jinsoin/.config/discord/0.0.40/modules/pending/discord_game_utils-1.zip: 100%
2024-01-16T15:34:36.580Z [Modules] Fetching discord_rpc@1 from https://discord.com/api/modules/stable/discord_rpc/1
2024-01-16T15:34:36.580Z [Modules] Streaming discord_rpc@1 to /home/jinsoin/.config/discord/0.0.40/modules/pending/discord_rpc-1.zip
2024-01-16T15:34:36.580Z [Modules] Installing discord_game_utils@1 from /home/jinsoin/.config/discord/0.0.40/modules/pending/discord_game_utils-1.zip
2024-01-16T15:34:36.636Z [Modules] Finished module installations. [success: 1] [failure: 0]
2024-01-16T15:34:37.278Z [Modules] Streaming discord_rpc@1 to /home/jinsoin/.config/discord/0.0.40/modules/pending/discord_rpc-1.zip: 100%
2024-01-16T15:34:37.279Z [Modules] Finished module downloads. [success: 3] [failure: 0]
2024-01-16T15:34:37.279Z [Modules] Installing discord_rpc@1 from /home/jinsoin/.config/discord/0.0.40/modules/pending/discord_rpc-1.zip
2024-01-16T15:34:37.289Z [Modules] Finished module installations. [success: 1] [failure: 0]
2024-01-16T15:39:05.248Z [Modules] Checking for host updates.
2024-01-16T15:39:05.649Z [Modules] Host is up to date.
2024-01-16T15:39:05.649Z [Modules] Checking for module updates at https://discord.com/api/modules/stable/versions.json
2024-01-16T15:39:05.711Z [Modules] No module updates available.
2024-01-16T15:43:55.995Z [Modules] Modules initializing
2024-01-16T15:43:55.995Z [Modules] Distribution: remote
2024-01-16T15:43:55.995Z [Modules] Host updates: enabled
2024-01-16T15:43:55.996Z [Modules] Module updates: enabled
2024-01-16T15:43:55.996Z [Modules] Module install path: /home/jinsoin/.config/discord/0.0.40/modules
2024-01-16T15:43:55.996Z [Modules] Module installed file path: /home/jinsoin/.config/discord/0.0.40/modules/installed.json
2024-01-16T15:43:55.996Z [Modules] Module download path: /home/jinsoin/.config/discord/0.0.40/modules/pending
2024-01-16T15:43:56.239Z [Modules] No updates to install
2024-01-16T15:43:56.239Z [Modules] Checking for host updates.
2024-01-16T15:43:56.698Z [Modules] Host is up to date.
2024-01-16T15:43:56.698Z [Modules] Checking for module updates at https://discord.com/api/modules/stable/versions.json
2024-01-16T15:43:56.754Z [Modules] No module updates available.
2024-01-16T15:43:59.466Z [Modules] Checking for host updates.
2024-01-16T15:43:59.792Z [Modules] Host is up to date.
2024-01-16T15:43:59.792Z [Modules] Checking for module updates at https://discord.com/api/modules/stable/versions.json
2024-01-16T15:43:59.795Z [Modules] No module updates available.
2024-01-16T15:44:00.770Z [Modules] Checking for host updates.
2024-01-16T15:44:01.114Z [Modules] Host is up to date.
2024-01-16T15:44:01.114Z [Modules] Checking for module updates at https://discord.com/api/modules/stable/versions.json
2024-01-16T15:44:01.117Z [Modules] No module updates available.
