2024-01-16 23:53:05.555 [info] Added views:workbench.panel.markers.view in workbench.panel.markers
2024-01-16 23:53:05.555 [info] Added views:workbench.panel.output in workbench.panel.output
2024-01-16 23:53:05.555 [info] Added views:terminal in terminal
2024-01-16 23:53:05.555 [info] Added views:outline in workbench.view.explorer
2024-01-16 23:53:05.555 [info] Added views:workbench.scm in workbench.view.scm
2024-01-16 23:53:05.555 [info] Added views:workbench.view.search in workbench.view.search
2024-01-16 23:53:05.555 [info] Added views:timeline in workbench.view.explorer
2024-01-16 23:53:05.555 [info] Added views:workbench.explorer.openEditorsView,workbench.explorer.emptyView in workbench.view.explorer
2024-01-16 23:53:05.671 [info] Added views:workbench.debug.variablesView,workbench.debug.watchExpressionsView,workbench.debug.callStackView,workbench.debug.breakPointsView in workbench.view.debug
2024-01-16 23:53:05.932 [info] Added views:gitlens.views.home,gitlens.views.drafts,gitlens.views.workspaces,gitlens.views.account in workbench.view.extension.gitlens
2024-01-16 23:53:05.932 [info] Added views:gitlens.views.commitDetails,gitlens.views.lineHistory,gitlens.views.fileHistory,gitlens.views.searchAndCompare in workbench.view.extension.gitlensInspect
2024-01-16 23:53:05.933 [info] Added views:gitlens.views.commits,gitlens.views.branches,gitlens.views.remotes,gitlens.views.stashes,gitlens.views.tags,gitlens.views.contributors in workbench.view.scm
2024-01-16 23:53:05.934 [info] Added views:github-actions.empty-view in workbench.view.extension.github-actions
2024-01-16 23:53:05.934 [info] Added views:dockerContainers,dockerImages,dockerRegistries,dockerNetworks,dockerVolumes,vscode-docker.views.dockerContexts,vscode-docker.views.help in workbench.view.extension.dockerView
2024-01-16 23:53:05.935 [info] Added views:workspaceViewer in workbench.view.extension.workspaceViewer
2024-01-16 23:53:06.169 [info] Added views:workbench.panel.repl.view in workbench.views.service.panel.c1b5e00d-c01e-4dbc-b329-b0c1ea87f510
2024-01-16 23:53:06.171 [info] Removed views:workbench.debug.breakPointsView,workbench.debug.callStackView,workbench.debug.watchExpressionsView,workbench.debug.variablesView from workbench.view.debug
2024-01-16 23:53:06.171 [info] Added views:workbench.debug.welcome in workbench.view.debug
2024-01-16 23:53:06.508 [info] Removed views:gitlens.views.searchAndCompare,gitlens.views.fileHistory,gitlens.views.lineHistory,gitlens.views.commitDetails from workbench.view.extension.gitlensInspect
2024-01-16 23:53:06.510 [info] Removed views:gitlens.views.contributors,gitlens.views.tags,gitlens.views.stashes,gitlens.views.remotes,gitlens.views.branches,gitlens.views.commits from workbench.view.scm
2024-01-16 23:53:06.758 [info] Added views:~remote.forwardedPorts in ~remote.forwardedPortsContainer
2024-01-16 23:53:06.812 [info] Added views:makefile.outline in workbench.view.extension.makefile__viewContainer
